2022-11-04 16:03:16.484 [info] Validating found git in: git
2022-11-04 16:03:16.484 [info] Using git 2.25.1 from git
2022-11-04 16:03:16.484 [info] > git rev-parse --show-toplevel [3ms]
2022-11-04 16:03:16.484 [info] fatal: detected dubious ownership in repository at '/home/creative-optimisation-cv'
To add an exception for this directory, call:

	git config --global --add safe.directory /home/creative-optimisation-cv
2022-11-04 16:03:16.484 [info] > git rev-parse --show-toplevel [1ms]
2022-11-04 16:03:16.484 [info] fatal: detected dubious ownership in repository at '/home/creative-optimisation-cv'
To add an exception for this directory, call:

	git config --global --add safe.directory /home/creative-optimisation-cv
2022-11-04 16:03:17.198 [info] > git rev-parse --show-toplevel [6ms]
2022-11-04 16:03:17.198 [info] fatal: detected dubious ownership in repository at '/home/creative-optimisation-cv'
To add an exception for this directory, call:

	git config --global --add safe.directory /home/creative-optimisation-cv
2022-11-04 16:03:17.485 [info] > git rev-parse --show-toplevel [1ms]
2022-11-04 16:03:17.485 [info] fatal: detected dubious ownership in repository at '/home/creative-optimisation-cv'
To add an exception for this directory, call:

	git config --global --add safe.directory /home/creative-optimisation-cv
2022-11-04 16:03:17.494 [info] > git rev-parse --show-toplevel [1ms]
2022-11-04 16:03:17.494 [info] fatal: detected dubious ownership in repository at '/home/creative-optimisation-cv'
To add an exception for this directory, call:

	git config --global --add safe.directory /home/creative-optimisation-cv
2022-11-04 16:03:17.533 [info] > git rev-parse --show-toplevel [1ms]
2022-11-04 16:03:17.533 [info] fatal: detected dubious ownership in repository at '/home/creative-optimisation-cv'
To add an exception for this directory, call:

	git config --global --add safe.directory /home/creative-optimisation-cv
2022-11-04 16:03:17.538 [info] > git rev-parse --show-toplevel [0ms]
2022-11-04 16:03:17.538 [info] fatal: detected dubious ownership in repository at '/home/creative-optimisation-cv'
To add an exception for this directory, call:

	git config --global --add safe.directory /home/creative-optimisation-cv
2022-11-04 16:30:56.156 [info] > git rev-parse --show-toplevel [489ms]
2022-11-04 16:30:56.156 [info] fatal: detected dubious ownership in repository at '/home/creative-optimisation-cv'
To add an exception for this directory, call:

	git config --global --add safe.directory /home/creative-optimisation-cv
2022-11-04 16:32:14.132 [info] > git rev-parse --show-toplevel [105ms]
2022-11-04 16:32:14.132 [info] fatal: detected dubious ownership in repository at '/home/creative-optimisation-cv'
To add an exception for this directory, call:

	git config --global --add safe.directory /home/creative-optimisation-cv
2022-11-04 16:32:17.792 [info] > git rev-parse --show-toplevel [1ms]
2022-11-04 16:32:17.792 [info] fatal: detected dubious ownership in repository at '/home/creative-optimisation-cv'
To add an exception for this directory, call:

	git config --global --add safe.directory /home/creative-optimisation-cv
2022-11-04 16:32:18.839 [info] > git rev-parse --show-toplevel [2ms]
2022-11-04 16:32:18.839 [info] fatal: detected dubious ownership in repository at '/home/creative-optimisation-cv'
To add an exception for this directory, call:

	git config --global --add safe.directory /home/creative-optimisation-cv
2022-11-04 16:32:20.271 [info] > git rev-parse --show-toplevel [7ms]
2022-11-04 16:32:20.272 [info] fatal: detected dubious ownership in repository at '/home/creative-optimisation-cv'
To add an exception for this directory, call:

	git config --global --add safe.directory /home/creative-optimisation-cv
