2022-11-03 18:48:06.720 [info] Validating found git in: git
2022-11-03 18:48:06.720 [info] Using git 2.25.1 from git
2022-11-03 18:48:06.720 [info] > git rev-parse --show-toplevel [24ms]
2022-11-03 18:48:06.720 [info] fatal: not a git repository (or any of the parent directories): .git
2022-11-03 18:48:06.720 [info] > git rev-parse --show-toplevel [1ms]
2022-11-03 18:48:06.721 [info] fatal: not a git repository (or any of the parent directories): .git
2022-11-03 18:48:06.721 [info] > git rev-parse --show-toplevel [1ms]
2022-11-03 18:48:06.721 [info] fatal: not a git repository (or any of the parent directories): .git
2022-11-03 18:48:06.721 [info] > git rev-parse --show-toplevel [0ms]
2022-11-03 18:48:06.721 [info] fatal: not a git repository (or any of the parent directories): .git
2022-11-03 18:48:06.721 [info] > git rev-parse --show-toplevel [1ms]
2022-11-03 18:48:06.721 [info] fatal: not a git repository (or any of the parent directories): .git
2022-11-03 18:48:06.721 [info] > git rev-parse --show-toplevel [1ms]
2022-11-03 18:48:06.721 [info] > git rev-parse --git-dir --git-common-dir [1ms]
2022-11-03 18:48:06.721 [info] Log level: Info
2022-11-03 18:48:06.721 [info] Open repository: /home/patrick_rubayita/creative-optimisation-cv
2022-11-03 18:48:06.721 [info] > git status -z -uall [5ms]
2022-11-03 18:48:06.721 [info] > git remote --verbose [8ms]
2022-11-03 18:48:06.721 [info] > git for-each-ref --sort -committerdate --format %(refname) %(objectname) %(*objectname) [11ms]
2022-11-03 18:48:06.721 [info] > git config --get commit.template [3ms]
2022-11-03 18:48:06.721 [info] > git for-each-ref --format=%(refname)%00%(upstream:short)%00%(objectname)%00%(upstream:track)%00%(upstream:remotename)%00%(upstream:remoteref) refs/heads/main refs/remotes/main [0ms]
2022-11-03 18:48:06.721 [info] > git status -z -uall [4ms]
2022-11-03 18:48:06.721 [info] > git remote --verbose [6ms]
2022-11-03 18:48:06.721 [info] > git for-each-ref --sort -committerdate --format %(refname) %(objectname) %(*objectname) [8ms]
2022-11-03 18:48:06.721 [info] > git config --get commit.template [2ms]
2022-11-03 18:48:06.721 [info] > git for-each-ref --format=%(refname)%00%(upstream:short)%00%(objectname)%00%(upstream:track)%00%(upstream:remotename)%00%(upstream:remoteref) refs/heads/main refs/remotes/main [1ms]
2022-11-03 18:48:06.721 [info] > git check-ignore -v -z --stdin [1ms]
2022-11-03 18:48:06.722 [info] > git check-ignore -v -z --stdin [0ms]
2022-11-03 18:48:08.789 [info] > git rev-parse --show-toplevel [1ms]
2022-11-03 18:48:08.789 [info] fatal: not a git repository (or any of the parent directories): .git
2022-11-03 18:48:09.294 [info] > git check-ignore -v -z --stdin [1ms]
2022-11-03 18:49:05.427 [info] > git rev-parse --show-toplevel [0ms]
2022-11-03 18:49:05.427 [info] fatal: not a git repository (or any of the parent directories): .git
2022-11-03 18:49:06.138 [info] > git rev-parse --show-toplevel [0ms]
2022-11-03 18:49:06.138 [info] fatal: not a git repository (or any of the parent directories): .git
2022-11-03 18:49:07.243 [info] > git rev-parse --show-toplevel [2ms]
2022-11-03 18:49:07.243 [info] fatal: not a git repository (or any of the parent directories): .git
2022-11-03 18:49:49.581 [info] > git rev-parse --show-toplevel [1ms]
2022-11-03 18:49:49.581 [info] fatal: not a git repository (or any of the parent directories): .git
2022-11-03 18:50:18.727 [info] > git rev-parse --show-toplevel [1ms]
2022-11-03 18:50:18.728 [info] fatal: not a git repository (or any of the parent directories): .git
2022-11-03 18:50:49.084 [info] > git rev-parse --show-toplevel [2ms]
2022-11-03 18:50:49.084 [info] fatal: not a git repository (or any of the parent directories): .git
2022-11-03 18:51:17.594 [info] > git rev-parse --show-toplevel [1ms]
2022-11-03 18:51:17.594 [info] fatal: not a git repository (or any of the parent directories): .git
2022-11-03 18:51:46.736 [info] > git rev-parse --show-toplevel [1ms]
2022-11-03 18:51:46.736 [info] fatal: not a git repository (or any of the parent directories): .git
2022-11-03 18:52:16.260 [info] > git rev-parse --show-toplevel [1ms]
2022-11-03 18:52:16.260 [info] fatal: not a git repository (or any of the parent directories): .git
