Visual Studio Code (1.73.0, ssh-remote, desktop)
Jupyter Extension Version: 2022.9.1202862440.
Python Extension Version: 2022.18.1.
Workspace folder /home/patrick_rubayita
info 06:43:49.219: ZMQ install verified.
User belongs to experiment group 'jupyterTestcf'
User belongs to experiment group 'jupyterEnhancedDataViewer'
info 06:43:49.544: LSP Notebooks experiment is disabled -- not in treatment group
info 06:43:52.020: Preferred Remote kernel for /home/patrick_rubayita/creative-optimisation-cv/notebooks/DataExtractor.ipynb is undefined
info 06:43:52.516: Preferred Remote kernel for /home/patrick_rubayita/creative-optimisation-cv/notebooks/DataExtractor.ipynb is undefined
info 06:43:52.516: Find preferred kernel for /home/patrick_rubayita/creative-optimisation-cv/notebooks/DataExtractor.ipynb with metadata {"kernelspec":{"display_name":"Python 3.8.10 64-bit","language":"python","name":"python3"},"language_info":{"codemirror_mode":{"name":"ipython","version":3},"file_extension":".py","mimetype":"text/x-python","name":"python","nbconvert_exporter":"python","pygments_lexer":"ipython3","version":"3.8.10"},"orig_nbformat":4,"vscode":{"interpreter":{"hash":"916dbcbb3f70747c44a77c7bcd40155683ae19c65e1c03b4aa3499c5328201f1"}}} & preferred interpreter /bin/python3
info 06:43:52.528: Preferred Remote kernel for /home/patrick_rubayita/creative-optimisation-cv/notebooks/DataExtractor.ipynb is undefined
info 06:43:52.528: Preferred kernel .jvsc74a57bd0916dbcbb3f70747c44a77c7bcd40155683ae19c65e1c03b4aa3499c5328201f1./bin/python3./bin/python3.-m#ipykernel_launcher is exact match or top match for non python kernels, (false, [object Object], true, false)
info 06:43:52.529: PreferredConnection: .jvsc74a57bd0916dbcbb3f70747c44a77c7bcd40155683ae19c65e1c03b4aa3499c5328201f1./bin/python3./bin/python3.-m#ipykernel_launcher found for NotebookDocument: /home/patrick_rubayita/creative-optimisation-cv/notebooks/DataExtractor.ipynb
info 06:43:52.671: Starting Jupyter Session startUsingPythonInterpreter, .jvsc74a57bd0916dbcbb3f70747c44a77c7bcd40155683ae19c65e1c03b4aa3499c5328201f1./bin/python3./bin/python3.-m#ipykernel_launcher (Python Path: , EnvType: Global, EnvName: '', Version: 3.10.6) for '/home/patrick_rubayita/creative-optimisation-cv/notebooks/DataExtractor.ipynb' (disableUI=true)
info 06:43:52.671: Computing working directory for resource '/home/patrick_rubayita/creative-optimisation-cv/notebooks/DataExtractor.ipynb'
info 06:43:52.908: Registering dummy command feature
info 06:43:56.118: Got empty env vars with python /bin/python3 in 3605ms
info 06:43:56.118: Got env vars ourselves faster /bin/python3 with env var count 52 in 3606ms
info 06:43:56.118: Got env vars ourselves faster /bin/python3 with env var count 52 in 3445ms
info 06:43:56.118: Got env vars ourselves faster /bin/python3 with env var count 52 in 3439ms
info 06:43:56.118: Got env vars ourselves faster /bin/python3 with env var count 52 in 3439ms
info 06:43:56.127: Process Execution: > /bin/python3 -m pip list
> /bin/python3 -m pip list
info 06:43:56.133: Process Execution: > /bin/python3 -c "import ipykernel; print(ipykernel.__version__); print("5dc3a68c-e34e-4080-9c3e-2a532b2ccb4d"); print(ipykernel.__file__)"
> /bin/python3 -c "import ipykernel; print(ipykernel.__version__); print("5dc3a68c-e34e-4080-9c3e-2a532b2ccb4d"); print(ipykernel.__file__)"
info 06:43:56.141: Process Execution: > /bin/python3 -m ipykernel_launcher --ip=127.0.0.1 --stdin=9003 --control=9001 --hb=9000 --Session.signature_scheme="hmac-sha256" --Session.key=b"a7f834cf-1550-43d4-bbaf-6a2ef7b5166d" --shell=9002 --transport="tcp" --iopub=9004 --f=/home/patrick_rubayita/.local/share/jupyter/runtime/kernel-v2-4009NsoF5kLnitBO.json
> /bin/python3 -m ipykernel_launcher --ip=127.0.0.1 --stdin=9003 --control=9001 --hb=9000 --Session.signature_scheme="hmac-sha256" --Session.key=b"a7f834cf-1550-43d4-bbaf-6a2ef7b5166d" --shell=9002 --transport="tcp" --iopub=9004 --f=/home/patrick_rubayita/.local/share/jupyter/runtime/kernel-v2-4009NsoF5kLnitBO.json
info 06:43:56.141: Process Execution: cwd: ~/creative-optimisation-cv/notebooks
cwd: ~/creative-optimisation-cv/notebooks
info 06:43:56.338: ipykernel version & path 6.17.0, ~/.local/lib/python3.8/site-packages/ipykernel/__init__.py for /bin/python3
info 06:43:56.407: Got empty env vars with python /bin/python3 in 3734ms
info 06:43:56.408: Got empty env vars with python /bin/python3 in 3729ms
info 06:43:56.408: Got empty env vars with python /bin/python3 in 3729ms
info 06:43:56.879: Kernel Output: To connect another client to this kernel, use: --existing kernel-v2-4009NsoF5kLnitBO.json

info 06:43:56.979: Started Kernel Python 3.10.6 64-bit (pid: 4155)
info 06:43:56.982: UpdateWorkingDirectoryAndPath in Kernel
info 06:43:57.084: Got env vars ourselves faster /bin/python3 with env var count 52 in 0ms
info 06:43:57.091: Process Execution: > /bin/python3 ~/.vscode-server/extensions/ms-toolsai.jupyter-2022.9.1202862440/pythonFiles/printJupyterDataDir.py
> /bin/python3 ~/.vscode-server/extensions/ms-toolsai.jupyter-2022.9.1202862440/pythonFiles/printJupyterDataDir.py
info 06:43:58.600: Got empty env vars with python /bin/python3 in 1516ms
info 06:44:37.955: Preferred Remote kernel for /home/patrick_rubayita/creative-optimisation-cv/notebooks/dmnt.ipynb is undefined
info 06:44:37.955: Preferred Remote kernel for /home/patrick_rubayita/creative-optimisation-cv/notebooks/dmnt.ipynb is undefined
info 06:44:37.955: Find preferred kernel for /home/patrick_rubayita/creative-optimisation-cv/notebooks/dmnt.ipynb with metadata {"orig_nbformat":4,"language_info":{"name":"python"}} & preferred interpreter /bin/python3
info 06:44:37.956: Preferred Remote kernel for /home/patrick_rubayita/creative-optimisation-cv/notebooks/dmnt.ipynb is undefined
info 06:44:37.956: Preferred kernel .jvsc74a57bd0916dbcbb3f70747c44a77c7bcd40155683ae19c65e1c03b4aa3499c5328201f1./bin/python3./bin/python3.-m#ipykernel_launcher is exact match or top match for non python kernels, (false, [object Object], false, false)
info 06:44:37.956: PreferredConnection: .jvsc74a57bd0916dbcbb3f70747c44a77c7bcd40155683ae19c65e1c03b4aa3499c5328201f1./bin/python3./bin/python3.-m#ipykernel_launcher found for NotebookDocument: /home/patrick_rubayita/creative-optimisation-cv/notebooks/dmnt.ipynb
error 06:45:22.638: Live Notebook not available for /home/patrick_rubayita/creative-optimisation-cv/notebooks/dmnt.ipynb
info 06:45:28.023: Starting Jupyter Session startUsingPythonInterpreter, .jvsc74a57bd0916dbcbb3f70747c44a77c7bcd40155683ae19c65e1c03b4aa3499c5328201f1./bin/python3./bin/python3.-m#ipykernel_launcher (Python Path: , EnvType: Global, EnvName: '', Version: 3.10.6) for '/home/patrick_rubayita/creative-optimisation-cv/notebooks/dmnt.ipynb' (disableUI=false)
info 06:45:28.024: Computing working directory for resource '/home/patrick_rubayita/creative-optimisation-cv/notebooks/dmnt.ipynb'
info 06:45:28.028: Got env vars ourselves faster /bin/python3 with env var count 52 in 1ms
info 06:45:28.032: Process Execution: > /bin/python3 -c "import ipykernel; print(ipykernel.__version__); print("5dc3a68c-e34e-4080-9c3e-2a532b2ccb4d"); print(ipykernel.__file__)"
> /bin/python3 -c "import ipykernel; print(ipykernel.__version__); print("5dc3a68c-e34e-4080-9c3e-2a532b2ccb4d"); print(ipykernel.__file__)"
info 06:45:28.038: Got env vars ourselves faster /bin/python3 with env var count 52 in 2ms
info 06:45:28.038: Got env vars ourselves faster /bin/python3 with env var count 52 in 1ms
info 06:45:28.043: Process Execution: > /bin/python3 -m ipykernel_launcher --ip=127.0.0.1 --stdin=9008 --control=9006 --hb=9005 --Session.signature_scheme="hmac-sha256" --Session.key=b"63d5ad15-7e3c-4934-afdc-aa49704d0ce8" --shell=9007 --transport="tcp" --iopub=9009 --f=/home/patrick_rubayita/.local/share/jupyter/runtime/kernel-v2-40090I2Bb3BT4YIl.json
> /bin/python3 -m ipykernel_launcher --ip=127.0.0.1 --stdin=9008 --control=9006 --hb=9005 --Session.signature_scheme="hmac-sha256" --Session.key=b"63d5ad15-7e3c-4934-afdc-aa49704d0ce8" --shell=9007 --transport="tcp" --iopub=9009 --f=/home/patrick_rubayita/.local/share/jupyter/runtime/kernel-v2-40090I2Bb3BT4YIl.json
info 06:45:28.043: Process Execution: cwd: ~/creative-optimisation-cv/notebooks
cwd: ~/creative-optimisation-cv/notebooks
info 06:45:28.148: ipykernel version & path 6.17.0, ~/.local/lib/python3.8/site-packages/ipykernel/__init__.py for /bin/python3
info 06:45:28.407: Kernel Output: To connect another client to this kernel, use: --existing kernel-v2-40090I2Bb3BT4YIl.json

info 06:45:28.457: Started Kernel Python 3.10.6 64-bit (pid: 4238)
info 06:45:28.461: UpdateWorkingDirectoryAndPath in Kernel
info 06:45:29.340: Cancel all remaining cells true || Error || undefined
info 06:45:29.462: Got empty env vars with python /bin/python3 in 1435ms
info 06:45:29.462: Got empty env vars with python /bin/python3 in 1426ms
info 06:45:29.462: Got empty env vars with python /bin/python3 in 1425ms
info 06:46:03.709: Cancel all remaining cells true || Error || undefined
info 06:46:25.955: Cancel all remaining cells true || Error || undefined
info 06:46:47.544: Cancel all remaining cells true || Error || undefined
info 06:48:11.195: Cancel all remaining cells true || Error || undefined
info 09:39:03.884: Cancel all remaining cells true || Error || undefined
