2022-11-04 17:02:20.733 [info] Extension host with pid 211571 started
2022-11-04 17:02:20.744 [info] Lock '/home/patrick_rubayita/.vscode-server/data/User/workspaceStorage/436363c3b68b43d7cbee73aa1c365e8f/vscode.lock': Lock acquired.
2022-11-04 17:02:21.187 [info] ExtensionService#_doActivateExtension vscode.ipynb, startup: false, activationEvent: 'onNotebook:jupyter-notebook}'
2022-11-04 17:02:21.188 [info] ExtensionService#_doActivateExtension vscode.git-base, startup: true, activationEvent: '*', root cause: vscode.git
2022-11-04 17:02:21.656 [info] ExtensionService#_doActivateExtension vscode.git, startup: true, activationEvent: '*'
2022-11-04 17:02:21.656 [info] ExtensionService#_doActivateExtension vscode.github, startup: true, activationEvent: '*'
2022-11-04 17:02:22.494 [info] ExtensionService#_doActivateExtension vscode.debug-auto-launch, startup: false, activationEvent: 'onStartupFinished'
2022-11-04 17:02:22.494 [info] ExtensionService#_doActivateExtension vscode.emmet, startup: false, activationEvent: 'onStartupFinished'
2022-11-04 17:02:22.494 [info] ExtensionService#_doActivateExtension vscode.merge-conflict, startup: false, activationEvent: 'onStartupFinished'
2022-11-04 17:02:22.495 [info] Eager extensions activated
2022-11-04 17:02:23.051 [info] ExtensionService#_doActivateExtension ms-toolsai.jupyter, startup: false, activationEvent: 'onNotebook:jupyter-notebook'
2022-11-04 17:02:23.051 [info] ExtensionService#_doActivateExtension ms-toolsai.vscode-jupyter-cell-tags, startup: false, activationEvent: 'onNotebook:jupyter-notebook'
2022-11-04 17:02:23.052 [info] ExtensionService#_doActivateExtension ms-toolsai.vscode-jupyter-slideshow, startup: false, activationEvent: 'onNotebook:jupyter-notebook'
2022-11-04 17:02:23.052 [info] ExtensionService#_doActivateExtension ms-toolsai.jupyter-renderers, startup: false, activationEvent: 'onNotebook:*'
2022-11-04 17:02:23.786 [info] ExtensionService#_doActivateExtension ms-python.python, startup: false, activationEvent: 'onLanguage:python', root cause: ms-python.isort
2022-11-04 17:02:26.057 [info] ExtensionService#_doActivateExtension ms-python.isort, startup: false, activationEvent: 'onLanguage:python'
2022-11-04 17:02:26.057 [info] ExtensionService#_doActivateExtension ms-python.vscode-pylance, startup: false, activationEvent: 'onLanguage:python'
2022-11-04 17:02:27.768 [error] [ms-python.isort] provider FAILED
2022-11-04 17:02:27.768 [error] TypeError: Cannot read properties of null (reading 'map')
	at g (/home/patrick_rubayita/.vscode-server/extensions/ms-python.isort-2022.4.0/dist/extension.js:1:214870)
	at Object.asCodeAction (/home/patrick_rubayita/.vscode-server/extensions/ms-python.isort-2022.4.0/dist/extension.js:1:225810)
	at /home/patrick_rubayita/.vscode-server/extensions/ms-python.isort-2022.4.0/dist/extension.js:1:154524
	at async x.provideCodeActions (/home/patrick_rubayita/.vscode-server/bin/8fa188b2b301d36553cbc9ce1b0a146ccb93351f/out/vs/workbench/api/node/extensionHostProcess.js:94:43007)
2022-11-04 17:02:27.769 [error] [ms-python.isort] provider FAILED
2022-11-04 17:02:27.769 [error] TypeError: Cannot read properties of null (reading 'map')
	at g (/home/patrick_rubayita/.vscode-server/extensions/ms-python.isort-2022.4.0/dist/extension.js:1:214870)
	at Object.asCodeAction (/home/patrick_rubayita/.vscode-server/extensions/ms-python.isort-2022.4.0/dist/extension.js:1:225810)
	at /home/patrick_rubayita/.vscode-server/extensions/ms-python.isort-2022.4.0/dist/extension.js:1:154524
	at async x.provideCodeActions (/home/patrick_rubayita/.vscode-server/bin/8fa188b2b301d36553cbc9ce1b0a146ccb93351f/out/vs/workbench/api/node/extensionHostProcess.js:94:43007)
2022-11-04 17:02:27.769 [error] [ms-python.isort] provider FAILED
2022-11-04 17:02:27.769 [error] TypeError: Cannot read properties of null (reading 'map')
	at g (/home/patrick_rubayita/.vscode-server/extensions/ms-python.isort-2022.4.0/dist/extension.js:1:214870)
	at Object.asCodeAction (/home/patrick_rubayita/.vscode-server/extensions/ms-python.isort-2022.4.0/dist/extension.js:1:225810)
	at /home/patrick_rubayita/.vscode-server/extensions/ms-python.isort-2022.4.0/dist/extension.js:1:154524
	at async x.provideCodeActions (/home/patrick_rubayita/.vscode-server/bin/8fa188b2b301d36553cbc9ce1b0a146ccb93351f/out/vs/workbench/api/node/extensionHostProcess.js:94:43007)
2022-11-04 17:02:29.488 [error] [ms-python.isort] provider FAILED
2022-11-04 17:02:29.488 [error] TypeError: Cannot read properties of null (reading 'map')
	at g (/home/patrick_rubayita/.vscode-server/extensions/ms-python.isort-2022.4.0/dist/extension.js:1:214870)
	at Object.asCodeAction (/home/patrick_rubayita/.vscode-server/extensions/ms-python.isort-2022.4.0/dist/extension.js:1:225810)
	at /home/patrick_rubayita/.vscode-server/extensions/ms-python.isort-2022.4.0/dist/extension.js:1:154524
	at async x.provideCodeActions (/home/patrick_rubayita/.vscode-server/bin/8fa188b2b301d36553cbc9ce1b0a146ccb93351f/out/vs/workbench/api/node/extensionHostProcess.js:94:43007)
2022-11-04 17:02:29.496 [error] [ms-python.isort] provider FAILED
2022-11-04 17:02:29.496 [error] TypeError: Cannot read properties of null (reading 'map')
	at g (/home/patrick_rubayita/.vscode-server/extensions/ms-python.isort-2022.4.0/dist/extension.js:1:214870)
	at Object.asCodeAction (/home/patrick_rubayita/.vscode-server/extensions/ms-python.isort-2022.4.0/dist/extension.js:1:225810)
	at /home/patrick_rubayita/.vscode-server/extensions/ms-python.isort-2022.4.0/dist/extension.js:1:154524
	at async x.provideCodeActions (/home/patrick_rubayita/.vscode-server/bin/8fa188b2b301d36553cbc9ce1b0a146ccb93351f/out/vs/workbench/api/node/extensionHostProcess.js:94:43007)
2022-11-04 17:02:29.498 [error] [ms-python.isort] provider FAILED
2022-11-04 17:02:29.498 [error] TypeError: Cannot read properties of null (reading 'map')
	at g (/home/patrick_rubayita/.vscode-server/extensions/ms-python.isort-2022.4.0/dist/extension.js:1:214870)
	at Object.asCodeAction (/home/patrick_rubayita/.vscode-server/extensions/ms-python.isort-2022.4.0/dist/extension.js:1:225810)
	at /home/patrick_rubayita/.vscode-server/extensions/ms-python.isort-2022.4.0/dist/extension.js:1:154524
	at runNextTicks (node:internal/process/task_queues:61:5)
	at processImmediate (node:internal/timers:437:9)
	at async x.provideCodeActions (/home/patrick_rubayita/.vscode-server/bin/8fa188b2b301d36553cbc9ce1b0a146ccb93351f/out/vs/workbench/api/node/extensionHostProcess.js:94:43007)
2022-11-04 17:03:07.363 [error] [ms-python.isort] provider FAILED
2022-11-04 17:03:07.363 [error] TypeError: Cannot read properties of null (reading 'map')
	at g (/home/patrick_rubayita/.vscode-server/extensions/ms-python.isort-2022.4.0/dist/extension.js:1:214870)
	at Object.asCodeAction (/home/patrick_rubayita/.vscode-server/extensions/ms-python.isort-2022.4.0/dist/extension.js:1:225810)
	at /home/patrick_rubayita/.vscode-server/extensions/ms-python.isort-2022.4.0/dist/extension.js:1:154524
	at async x.provideCodeActions (/home/patrick_rubayita/.vscode-server/bin/8fa188b2b301d36553cbc9ce1b0a146ccb93351f/out/vs/workbench/api/node/extensionHostProcess.js:94:43007)
2022-11-04 17:03:20.821 [error] [ms-python.isort] provider FAILED
2022-11-04 17:03:20.821 [error] TypeError: Cannot read properties of null (reading 'map')
	at g (/home/patrick_rubayita/.vscode-server/extensions/ms-python.isort-2022.4.0/dist/extension.js:1:214870)
	at Object.asCodeAction (/home/patrick_rubayita/.vscode-server/extensions/ms-python.isort-2022.4.0/dist/extension.js:1:225810)
	at /home/patrick_rubayita/.vscode-server/extensions/ms-python.isort-2022.4.0/dist/extension.js:1:154524
	at async x.provideCodeActions (/home/patrick_rubayita/.vscode-server/bin/8fa188b2b301d36553cbc9ce1b0a146ccb93351f/out/vs/workbench/api/node/extensionHostProcess.js:94:43007)
2022-11-04 17:03:21.688 [error] [ms-python.isort] provider FAILED
2022-11-04 17:03:21.688 [error] TypeError: Cannot read properties of null (reading 'map')
	at g (/home/patrick_rubayita/.vscode-server/extensions/ms-python.isort-2022.4.0/dist/extension.js:1:214870)
	at Object.asCodeAction (/home/patrick_rubayita/.vscode-server/extensions/ms-python.isort-2022.4.0/dist/extension.js:1:225810)
	at /home/patrick_rubayita/.vscode-server/extensions/ms-python.isort-2022.4.0/dist/extension.js:1:154524
	at async x.provideCodeActions (/home/patrick_rubayita/.vscode-server/bin/8fa188b2b301d36553cbc9ce1b0a146ccb93351f/out/vs/workbench/api/node/extensionHostProcess.js:94:43007)
2022-11-04 17:08:59.478 [error] [ms-python.isort] provider FAILED
2022-11-04 17:08:59.478 [error] TypeError: Cannot read properties of null (reading 'map')
	at g (/home/patrick_rubayita/.vscode-server/extensions/ms-python.isort-2022.4.0/dist/extension.js:1:214870)
	at Object.asCodeAction (/home/patrick_rubayita/.vscode-server/extensions/ms-python.isort-2022.4.0/dist/extension.js:1:225810)
	at /home/patrick_rubayita/.vscode-server/extensions/ms-python.isort-2022.4.0/dist/extension.js:1:154524
	at async x.provideCodeActions (/home/patrick_rubayita/.vscode-server/bin/8fa188b2b301d36553cbc9ce1b0a146ccb93351f/out/vs/workbench/api/node/extensionHostProcess.js:94:43007)
2022-11-04 17:09:30.959 [error] [ms-python.isort] provider FAILED
2022-11-04 17:09:30.959 [error] TypeError: Cannot read properties of null (reading 'map')
	at g (/home/patrick_rubayita/.vscode-server/extensions/ms-python.isort-2022.4.0/dist/extension.js:1:214870)
	at Object.asCodeAction (/home/patrick_rubayita/.vscode-server/extensions/ms-python.isort-2022.4.0/dist/extension.js:1:225810)
	at /home/patrick_rubayita/.vscode-server/extensions/ms-python.isort-2022.4.0/dist/extension.js:1:154524
	at async x.provideCodeActions (/home/patrick_rubayita/.vscode-server/bin/8fa188b2b301d36553cbc9ce1b0a146ccb93351f/out/vs/workbench/api/node/extensionHostProcess.js:94:43007)
2022-11-04 17:09:31.218 [error] [ms-python.isort] provider FAILED
2022-11-04 17:09:31.218 [error] TypeError: Cannot read properties of null (reading 'map')
	at g (/home/patrick_rubayita/.vscode-server/extensions/ms-python.isort-2022.4.0/dist/extension.js:1:214870)
	at Object.asCodeAction (/home/patrick_rubayita/.vscode-server/extensions/ms-python.isort-2022.4.0/dist/extension.js:1:225810)
	at /home/patrick_rubayita/.vscode-server/extensions/ms-python.isort-2022.4.0/dist/extension.js:1:154524
	at async x.provideCodeActions (/home/patrick_rubayita/.vscode-server/bin/8fa188b2b301d36553cbc9ce1b0a146ccb93351f/out/vs/workbench/api/node/extensionHostProcess.js:94:43007)
2022-11-04 17:09:35.466 [error] [ms-python.isort] provider FAILED
2022-11-04 17:09:35.466 [error] TypeError: Cannot read properties of null (reading 'map')
	at g (/home/patrick_rubayita/.vscode-server/extensions/ms-python.isort-2022.4.0/dist/extension.js:1:214870)
	at Object.asCodeAction (/home/patrick_rubayita/.vscode-server/extensions/ms-python.isort-2022.4.0/dist/extension.js:1:225810)
	at /home/patrick_rubayita/.vscode-server/extensions/ms-python.isort-2022.4.0/dist/extension.js:1:154524
	at async x.provideCodeActions (/home/patrick_rubayita/.vscode-server/bin/8fa188b2b301d36553cbc9ce1b0a146ccb93351f/out/vs/workbench/api/node/extensionHostProcess.js:94:43007)
2022-11-04 17:09:35.752 [error] [ms-python.isort] provider FAILED
2022-11-04 17:09:35.752 [error] TypeError: Cannot read properties of null (reading 'map')
	at g (/home/patrick_rubayita/.vscode-server/extensions/ms-python.isort-2022.4.0/dist/extension.js:1:214870)
	at Object.asCodeAction (/home/patrick_rubayita/.vscode-server/extensions/ms-python.isort-2022.4.0/dist/extension.js:1:225810)
	at /home/patrick_rubayita/.vscode-server/extensions/ms-python.isort-2022.4.0/dist/extension.js:1:154524
	at async x.provideCodeActions (/home/patrick_rubayita/.vscode-server/bin/8fa188b2b301d36553cbc9ce1b0a146ccb93351f/out/vs/workbench/api/node/extensionHostProcess.js:94:43007)
2022-11-04 17:09:40.064 [error] [ms-python.isort] provider FAILED
2022-11-04 17:09:40.064 [error] TypeError: Cannot read properties of null (reading 'map')
	at g (/home/patrick_rubayita/.vscode-server/extensions/ms-python.isort-2022.4.0/dist/extension.js:1:214870)
	at Object.asCodeAction (/home/patrick_rubayita/.vscode-server/extensions/ms-python.isort-2022.4.0/dist/extension.js:1:225810)
	at /home/patrick_rubayita/.vscode-server/extensions/ms-python.isort-2022.4.0/dist/extension.js:1:154524
	at async x.provideCodeActions (/home/patrick_rubayita/.vscode-server/bin/8fa188b2b301d36553cbc9ce1b0a146ccb93351f/out/vs/workbench/api/node/extensionHostProcess.js:94:43007)
2022-11-04 17:09:41.852 [error] [ms-python.isort] provider FAILED
2022-11-04 17:09:41.852 [error] TypeError: Cannot read properties of null (reading 'map')
	at g (/home/patrick_rubayita/.vscode-server/extensions/ms-python.isort-2022.4.0/dist/extension.js:1:214870)
	at Object.asCodeAction (/home/patrick_rubayita/.vscode-server/extensions/ms-python.isort-2022.4.0/dist/extension.js:1:225810)
	at /home/patrick_rubayita/.vscode-server/extensions/ms-python.isort-2022.4.0/dist/extension.js:1:154524
	at async x.provideCodeActions (/home/patrick_rubayita/.vscode-server/bin/8fa188b2b301d36553cbc9ce1b0a146ccb93351f/out/vs/workbench/api/node/extensionHostProcess.js:94:43007)
2022-11-04 17:09:42.109 [error] [ms-python.isort] provider FAILED
2022-11-04 17:09:42.109 [error] TypeError: Cannot read properties of null (reading 'map')
	at g (/home/patrick_rubayita/.vscode-server/extensions/ms-python.isort-2022.4.0/dist/extension.js:1:214870)
	at Object.asCodeAction (/home/patrick_rubayita/.vscode-server/extensions/ms-python.isort-2022.4.0/dist/extension.js:1:225810)
	at /home/patrick_rubayita/.vscode-server/extensions/ms-python.isort-2022.4.0/dist/extension.js:1:154524
	at async x.provideCodeActions (/home/patrick_rubayita/.vscode-server/bin/8fa188b2b301d36553cbc9ce1b0a146ccb93351f/out/vs/workbench/api/node/extensionHostProcess.js:94:43007)
2022-11-04 17:09:44.477 [error] [ms-python.isort] provider FAILED
2022-11-04 17:09:44.477 [error] TypeError: Cannot read properties of null (reading 'map')
	at g (/home/patrick_rubayita/.vscode-server/extensions/ms-python.isort-2022.4.0/dist/extension.js:1:214870)
	at Object.asCodeAction (/home/patrick_rubayita/.vscode-server/extensions/ms-python.isort-2022.4.0/dist/extension.js:1:225810)
	at /home/patrick_rubayita/.vscode-server/extensions/ms-python.isort-2022.4.0/dist/extension.js:1:154524
	at async x.provideCodeActions (/home/patrick_rubayita/.vscode-server/bin/8fa188b2b301d36553cbc9ce1b0a146ccb93351f/out/vs/workbench/api/node/extensionHostProcess.js:94:43007)
2022-11-04 17:09:44.754 [error] [ms-python.isort] provider FAILED
2022-11-04 17:09:44.754 [error] TypeError: Cannot read properties of null (reading 'map')
	at g (/home/patrick_rubayita/.vscode-server/extensions/ms-python.isort-2022.4.0/dist/extension.js:1:214870)
	at Object.asCodeAction (/home/patrick_rubayita/.vscode-server/extensions/ms-python.isort-2022.4.0/dist/extension.js:1:225810)
	at /home/patrick_rubayita/.vscode-server/extensions/ms-python.isort-2022.4.0/dist/extension.js:1:154524
	at async x.provideCodeActions (/home/patrick_rubayita/.vscode-server/bin/8fa188b2b301d36553cbc9ce1b0a146ccb93351f/out/vs/workbench/api/node/extensionHostProcess.js:94:43007)
2022-11-04 17:09:57.508 [info] Extension host terminating: received terminate message from renderer
2022-11-04 17:09:57.508 [info] Lock '/home/patrick_rubayita/.vscode-server/data/User/workspaceStorage/436363c3b68b43d7cbee73aa1c365e8f/vscode.lock': Marking the lockfile as scheduled to be released in 6000 ms.
2022-11-04 17:09:57.559 [info] Extension host with pid 211571 exiting with code 0
