2022-11-04 17:10:21.139 [info] Validating found git in: git
2022-11-04 17:10:21.139 [info] Using git 2.25.1 from git
2022-11-04 17:10:21.139 [info] > git rev-parse --show-toplevel [3ms]
2022-11-04 17:10:21.139 [info] fatal: not a git repository (or any of the parent directories): .git
2022-11-04 17:10:21.139 [info] > git rev-parse --show-toplevel [0ms]
2022-11-04 17:10:21.139 [info] fatal: not a git repository (or any of the parent directories): .git
2022-11-04 17:10:21.139 [info] > git rev-parse --show-toplevel [1ms]
2022-11-04 17:10:21.139 [info] fatal: not a git repository (or any of the parent directories): .git
2022-11-04 17:10:21.139 [info] > git rev-parse --show-toplevel [0ms]
2022-11-04 17:10:21.139 [info] fatal: not a git repository (or any of the parent directories): .git
2022-11-04 17:10:21.139 [info] > git rev-parse --show-toplevel [0ms]
2022-11-04 17:10:21.139 [info] fatal: not a git repository (or any of the parent directories): .git
2022-11-04 17:10:21.139 [info] > git rev-parse --show-toplevel [0ms]
2022-11-04 17:10:21.139 [info] fatal: not a git repository (or any of the parent directories): .git
2022-11-04 17:10:21.139 [info] > git rev-parse --show-toplevel [0ms]
2022-11-04 17:10:21.139 [info] fatal: not a git repository (or any of the parent directories): .git
2022-11-04 17:10:21.139 [info] > git rev-parse --show-toplevel [1ms]
2022-11-04 17:10:21.139 [info] fatal: not a git repository (or any of the parent directories): .git
2022-11-04 17:10:21.139 [info] > git rev-parse --show-toplevel [1ms]
2022-11-04 17:10:21.139 [info] > git rev-parse --git-dir --git-common-dir [1ms]
2022-11-04 17:10:21.139 [info] Log level: Info
2022-11-04 17:10:21.139 [info] Open repository: /home/patrick_rubayita/creative-optimisation-cv
2022-11-04 17:10:21.139 [info] > git status -z -uall [10ms]
2022-11-04 17:10:21.139 [info] > git remote --verbose [13ms]
2022-11-04 17:10:21.139 [info] > git for-each-ref --sort -committerdate --format %(refname) %(objectname) %(*objectname) [17ms]
2022-11-04 17:10:21.139 [info] > git config --get commit.template [6ms]
2022-11-04 17:10:21.140 [info] > git for-each-ref --format=%(refname)%00%(upstream:short)%00%(objectname)%00%(upstream:track)%00%(upstream:remotename)%00%(upstream:remoteref) refs/heads/main refs/remotes/main [11ms]
2022-11-04 17:10:21.140 [info] > git status -z -uall [5ms]
2022-11-04 17:10:21.140 [info] > git remote --verbose [8ms]
2022-11-04 17:10:21.140 [info] > git for-each-ref --sort -committerdate --format %(refname) %(objectname) %(*objectname) [12ms]
2022-11-04 17:10:21.140 [info] > git config --get commit.template [23ms]
2022-11-04 17:10:21.140 [info] > git for-each-ref --format=%(refname)%00%(upstream:short)%00%(objectname)%00%(upstream:track)%00%(upstream:remotename)%00%(upstream:remoteref) refs/heads/main refs/remotes/main [1ms]
2022-11-04 17:10:21.140 [info] > git check-ignore -v -z --stdin [2ms]
2022-11-04 17:10:23.307 [info] > git rev-parse --show-toplevel [1ms]
2022-11-04 17:10:23.307 [info] fatal: not a git repository (or any of the parent directories): .git
2022-11-04 17:10:23.442 [info] > git rev-parse --show-toplevel [1ms]
2022-11-04 17:10:23.442 [info] fatal: not a git repository (or any of the parent directories): .git
2022-11-04 17:10:23.468 [info] > git rev-parse --show-toplevel [1ms]
2022-11-04 17:10:23.468 [info] fatal: not a git repository (or any of the parent directories): .git
2022-11-04 17:10:23.511 [info] > git rev-parse --show-toplevel [1ms]
2022-11-04 17:10:23.511 [info] fatal: not a git repository (or any of the parent directories): .git
2022-11-04 17:10:23.531 [info] > git rev-parse --show-toplevel [4ms]
2022-11-04 17:10:23.532 [info] fatal: not a git repository (or any of the parent directories): .git
2022-11-04 17:10:23.793 [info] > git rev-parse --show-toplevel [14ms]
2022-11-04 17:10:23.793 [info] fatal: not a git repository (or any of the parent directories): .git
2022-11-04 17:12:59.745 [info] > git check-ignore -v -z --stdin [1ms]
2022-11-04 17:13:03.032 [info] > git check-ignore -v -z --stdin [1ms]
2022-11-04 17:13:06.116 [info] > git check-ignore -v -z --stdin [1ms]
2022-11-04 17:13:16.491 [info] > git check-ignore -v -z --stdin [1ms]
2022-11-04 17:13:25.720 [info] > git check-ignore -v -z --stdin [3ms]
2022-11-04 17:14:29.542 [info] > git status -z -uall [21ms]
2022-11-04 17:14:29.543 [info] > git remote --verbose [35ms]
2022-11-04 17:14:29.544 [info] > git for-each-ref --sort -committerdate --format %(refname) %(objectname) %(*objectname) [46ms]
2022-11-04 17:14:29.547 [info] > git config --get commit.template [3ms]
2022-11-04 17:14:29.569 [info] > git for-each-ref --format=%(refname)%00%(upstream:short)%00%(objectname)%00%(upstream:track)%00%(upstream:remotename)%00%(upstream:remoteref) refs/heads/main refs/remotes/main [1ms]
2022-11-04 17:14:32.329 [info] > git check-ignore -v -z --stdin [2ms]
2022-11-04 17:14:34.631 [info] > git status -z -uall [18ms]
2022-11-04 17:14:34.632 [info] > git remote --verbose [34ms]
2022-11-04 17:14:34.633 [info] > git for-each-ref --sort -committerdate --format %(refname) %(objectname) %(*objectname) [47ms]
2022-11-04 17:14:34.634 [info] > git config --get commit.template [2ms]
2022-11-04 17:14:34.649 [info] > git for-each-ref --format=%(refname)%00%(upstream:short)%00%(objectname)%00%(upstream:track)%00%(upstream:remotename)%00%(upstream:remoteref) refs/heads/main refs/remotes/main [2ms]
2022-11-04 17:14:39.719 [info] > git status -z -uall [11ms]
2022-11-04 17:14:39.719 [info] > git remote --verbose [29ms]
2022-11-04 17:14:39.720 [info] > git for-each-ref --sort -committerdate --format %(refname) %(objectname) %(*objectname) [43ms]
2022-11-04 17:14:39.723 [info] > git config --get commit.template [3ms]
2022-11-04 17:14:39.742 [info] > git for-each-ref --format=%(refname)%00%(upstream:short)%00%(objectname)%00%(upstream:track)%00%(upstream:remotename)%00%(upstream:remoteref) refs/heads/main refs/remotes/main [1ms]
2022-11-04 17:15:14.222 [info] > git show --textconv :data/Challenge_Data/performance_data.csv [23ms]
2022-11-04 17:15:14.223 [info] > git ls-files --stage -- /home/patrick_rubayita/creative-optimisation-cv/data/Challenge_Data/performance_data.csv [1ms]
2022-11-04 18:59:43.778 [info] > git rev-parse --show-toplevel [1ms]
2022-11-04 18:59:43.778 [info] fatal: not a git repository (or any of the parent directories): .git
2022-11-04 18:59:44.048 [info] > git rev-parse --show-toplevel [1ms]
2022-11-04 18:59:44.048 [info] fatal: not a git repository (or any of the parent directories): .git
2022-11-04 18:59:44.062 [info] > git rev-parse --show-toplevel [1ms]
2022-11-04 18:59:44.062 [info] fatal: not a git repository (or any of the parent directories): .git
2022-11-04 18:59:44.444 [info] > git rev-parse --show-toplevel [1ms]
2022-11-04 18:59:44.444 [info] fatal: not a git repository (or any of the parent directories): .git
2022-11-04 18:59:44.451 [info] > git rev-parse --show-toplevel [1ms]
2022-11-04 18:59:44.451 [info] fatal: not a git repository (or any of the parent directories): .git
2022-11-04 18:59:44.465 [info] > git rev-parse --show-toplevel [1ms]
2022-11-04 18:59:44.465 [info] fatal: not a git repository (or any of the parent directories): .git
2022-11-04 18:59:44.478 [info] > git rev-parse --show-toplevel [0ms]
2022-11-04 18:59:44.478 [info] fatal: not a git repository (or any of the parent directories): .git
2022-11-04 18:59:44.851 [info] > git rev-parse --show-toplevel [1ms]
2022-11-04 18:59:44.851 [info] fatal: not a git repository (or any of the parent directories): .git
2022-11-04 18:59:44.859 [info] > git rev-parse --show-toplevel [1ms]
2022-11-04 18:59:44.860 [info] fatal: not a git repository (or any of the parent directories): .git
2022-11-04 18:59:44.881 [info] > git rev-parse --show-toplevel [2ms]
2022-11-04 18:59:44.881 [info] fatal: not a git repository (or any of the parent directories): .git
2022-11-04 18:59:44.911 [info] > git rev-parse --show-toplevel [1ms]
2022-11-04 18:59:44.911 [info] fatal: not a git repository (or any of the parent directories): .git
2022-11-04 18:59:45.309 [info] > git rev-parse --show-toplevel [1ms]
2022-11-04 18:59:45.309 [info] fatal: not a git repository (or any of the parent directories): .git
2022-11-04 18:59:45.317 [info] > git rev-parse --show-toplevel [0ms]
2022-11-04 18:59:45.317 [info] fatal: not a git repository (or any of the parent directories): .git
2022-11-04 18:59:45.327 [info] > git rev-parse --show-toplevel [5ms]
2022-11-04 18:59:45.327 [info] fatal: not a git repository (or any of the parent directories): .git
2022-11-04 18:59:45.334 [info] > git rev-parse --show-toplevel [1ms]
2022-11-04 18:59:45.334 [info] fatal: not a git repository (or any of the parent directories): .git
2022-11-04 18:59:45.352 [info] > git rev-parse --show-toplevel [1ms]
2022-11-04 18:59:45.352 [info] fatal: not a git repository (or any of the parent directories): .git
2022-11-04 18:59:45.359 [info] > git rev-parse --show-toplevel [1ms]
2022-11-04 18:59:45.359 [info] fatal: not a git repository (or any of the parent directories): .git
2022-11-04 18:59:45.662 [info] > git rev-parse --show-toplevel [1ms]
2022-11-04 18:59:45.662 [info] fatal: not a git repository (or any of the parent directories): .git
2022-11-04 18:59:45.679 [info] > git rev-parse --show-toplevel [1ms]
2022-11-04 18:59:45.679 [info] fatal: not a git repository (or any of the parent directories): .git
2022-11-04 18:59:45.691 [info] > git rev-parse --show-toplevel [1ms]
2022-11-04 18:59:45.691 [info] fatal: not a git repository (or any of the parent directories): .git
2022-11-04 18:59:46.083 [info] > git rev-parse --show-toplevel [0ms]
2022-11-04 18:59:46.083 [info] fatal: not a git repository (or any of the parent directories): .git
2022-11-04 18:59:46.090 [info] > git rev-parse --show-toplevel [1ms]
2022-11-04 18:59:46.090 [info] fatal: not a git repository (or any of the parent directories): .git
2022-11-04 18:59:46.101 [info] > git rev-parse --show-toplevel [1ms]
2022-11-04 18:59:46.101 [info] fatal: not a git repository (or any of the parent directories): .git
2022-11-04 18:59:46.115 [info] > git rev-parse --show-toplevel [1ms]
2022-11-04 18:59:46.115 [info] fatal: not a git repository (or any of the parent directories): .git
2022-11-04 18:59:46.131 [info] > git rev-parse --show-toplevel [1ms]
2022-11-04 18:59:46.131 [info] fatal: not a git repository (or any of the parent directories): .git
2022-11-04 18:59:46.138 [info] > git rev-parse --show-toplevel [0ms]
2022-11-04 18:59:46.138 [info] fatal: not a git repository (or any of the parent directories): .git
2022-11-04 18:59:46.151 [info] > git rev-parse --show-toplevel [1ms]
2022-11-04 18:59:46.151 [info] fatal: not a git repository (or any of the parent directories): .git
2022-11-04 18:59:46.388 [info] > git rev-parse --show-toplevel [1ms]
2022-11-04 18:59:46.388 [info] fatal: not a git repository (or any of the parent directories): .git
2022-11-04 18:59:46.395 [info] > git rev-parse --show-toplevel [1ms]
2022-11-04 18:59:46.395 [info] fatal: not a git repository (or any of the parent directories): .git
2022-11-04 18:59:46.407 [info] > git rev-parse --show-toplevel [5ms]
2022-11-04 18:59:46.407 [info] fatal: not a git repository (or any of the parent directories): .git
2022-11-04 18:59:46.415 [info] > git rev-parse --show-toplevel [1ms]
2022-11-04 18:59:46.415 [info] fatal: not a git repository (or any of the parent directories): .git
2022-11-04 18:59:46.427 [info] > git rev-parse --show-toplevel [1ms]
2022-11-04 18:59:46.427 [info] fatal: not a git repository (or any of the parent directories): .git
2022-11-04 18:59:46.694 [info] > git rev-parse --show-toplevel [1ms]
2022-11-04 18:59:46.694 [info] fatal: not a git repository (or any of the parent directories): .git
2022-11-04 18:59:46.702 [info] > git rev-parse --show-toplevel [0ms]
2022-11-04 18:59:46.702 [info] fatal: not a git repository (or any of the parent directories): .git
2022-11-04 18:59:46.715 [info] > git rev-parse --show-toplevel [1ms]
2022-11-04 18:59:46.715 [info] fatal: not a git repository (or any of the parent directories): .git
2022-11-04 18:59:46.727 [info] > git rev-parse --show-toplevel [0ms]
2022-11-04 18:59:46.727 [info] fatal: not a git repository (or any of the parent directories): .git
2022-11-04 18:59:46.743 [info] > git rev-parse --show-toplevel [1ms]
2022-11-04 18:59:46.743 [info] fatal: not a git repository (or any of the parent directories): .git
2022-11-04 18:59:46.750 [info] > git rev-parse --show-toplevel [0ms]
2022-11-04 18:59:46.750 [info] fatal: not a git repository (or any of the parent directories): .git
2022-11-04 18:59:46.761 [info] > git rev-parse --show-toplevel [1ms]
2022-11-04 18:59:46.761 [info] fatal: not a git repository (or any of the parent directories): .git
2022-11-04 18:59:46.776 [info] > git rev-parse --show-toplevel [1ms]
2022-11-04 18:59:46.776 [info] fatal: not a git repository (or any of the parent directories): .git
2022-11-04 18:59:47.113 [info] > git rev-parse --show-toplevel [2ms]
2022-11-04 18:59:47.113 [info] fatal: not a git repository (or any of the parent directories): .git
2022-11-04 18:59:47.131 [info] > git rev-parse --show-toplevel [1ms]
2022-11-04 18:59:47.131 [info] fatal: not a git repository (or any of the parent directories): .git
2022-11-04 18:59:47.138 [info] > git rev-parse --show-toplevel [1ms]
2022-11-04 18:59:47.138 [info] fatal: not a git repository (or any of the parent directories): .git
2022-11-04 18:59:47.150 [info] > git rev-parse --show-toplevel [0ms]
2022-11-04 18:59:47.150 [info] fatal: not a git repository (or any of the parent directories): .git
2022-11-04 18:59:47.402 [info] > git rev-parse --show-toplevel [1ms]
2022-11-04 18:59:47.402 [info] fatal: not a git repository (or any of the parent directories): .git
2022-11-04 18:59:47.410 [info] > git rev-parse --show-toplevel [0ms]
2022-11-04 18:59:47.410 [info] fatal: not a git repository (or any of the parent directories): .git
2022-11-04 18:59:47.421 [info] > git rev-parse --show-toplevel [5ms]
2022-11-04 18:59:47.421 [info] fatal: not a git repository (or any of the parent directories): .git
2022-11-04 18:59:47.429 [info] > git rev-parse --show-toplevel [1ms]
2022-11-04 18:59:47.429 [info] fatal: not a git repository (or any of the parent directories): .git
2022-11-04 18:59:47.441 [info] > git rev-parse --show-toplevel [1ms]
2022-11-04 18:59:47.441 [info] fatal: not a git repository (or any of the parent directories): .git
2022-11-04 18:59:47.457 [info] > git rev-parse --show-toplevel [1ms]
2022-11-04 18:59:47.457 [info] fatal: not a git repository (or any of the parent directories): .git
2022-11-04 18:59:47.464 [info] > git rev-parse --show-toplevel [0ms]
2022-11-04 18:59:47.464 [info] fatal: not a git repository (or any of the parent directories): .git
2022-11-04 18:59:47.477 [info] > git rev-parse --show-toplevel [2ms]
2022-11-04 18:59:47.477 [info] fatal: not a git repository (or any of the parent directories): .git
2022-11-04 18:59:47.717 [info] > git rev-parse --show-toplevel [0ms]
2022-11-04 18:59:47.717 [info] fatal: not a git repository (or any of the parent directories): .git
2022-11-04 18:59:47.735 [info] > git rev-parse --show-toplevel [1ms]
2022-11-04 18:59:47.735 [info] fatal: not a git repository (or any of the parent directories): .git
2022-11-04 18:59:47.743 [info] > git rev-parse --show-toplevel [1ms]
2022-11-04 18:59:47.743 [info] fatal: not a git repository (or any of the parent directories): .git
2022-11-04 18:59:47.755 [info] > git rev-parse --show-toplevel [1ms]
2022-11-04 18:59:47.755 [info] fatal: not a git repository (or any of the parent directories): .git
2022-11-04 18:59:47.767 [info] > git rev-parse --show-toplevel [1ms]
2022-11-04 18:59:47.767 [info] fatal: not a git repository (or any of the parent directories): .git
2022-11-04 18:59:47.785 [info] > git rev-parse --show-toplevel [1ms]
2022-11-04 18:59:47.785 [info] fatal: not a git repository (or any of the parent directories): .git
2022-11-04 18:59:47.794 [info] > git rev-parse --show-toplevel [1ms]
2022-11-04 18:59:47.794 [info] fatal: not a git repository (or any of the parent directories): .git
2022-11-04 18:59:48.138 [info] > git rev-parse --show-toplevel [1ms]
2022-11-04 18:59:48.138 [info] fatal: not a git repository (or any of the parent directories): .git
2022-11-04 18:59:48.145 [info] > git rev-parse --show-toplevel [1ms]
2022-11-04 18:59:48.145 [info] fatal: not a git repository (or any of the parent directories): .git
2022-11-04 18:59:48.163 [info] > git rev-parse --show-toplevel [1ms]
2022-11-04 18:59:48.163 [info] fatal: not a git repository (or any of the parent directories): .git
2022-11-04 18:59:48.171 [info] > git rev-parse --show-toplevel [0ms]
2022-11-04 18:59:48.171 [info] fatal: not a git repository (or any of the parent directories): .git
2022-11-04 18:59:48.183 [info] > git rev-parse --show-toplevel [1ms]
2022-11-04 18:59:48.183 [info] fatal: not a git repository (or any of the parent directories): .git
2022-11-04 18:59:48.196 [info] > git rev-parse --show-toplevel [3ms]
2022-11-04 18:59:48.196 [info] fatal: not a git repository (or any of the parent directories): .git
2022-11-04 18:59:48.208 [info] > git rev-parse --show-toplevel [1ms]
2022-11-04 18:59:48.208 [info] fatal: not a git repository (or any of the parent directories): .git
2022-11-04 18:59:48.420 [info] > git rev-parse --show-toplevel [1ms]
2022-11-04 18:59:48.420 [info] fatal: not a git repository (or any of the parent directories): .git
2022-11-04 18:59:48.427 [info] > git rev-parse --show-toplevel [0ms]
2022-11-04 18:59:48.427 [info] fatal: not a git repository (or any of the parent directories): .git
2022-11-04 18:59:48.437 [info] > git rev-parse --show-toplevel [1ms]
2022-11-04 18:59:48.437 [info] fatal: not a git repository (or any of the parent directories): .git
2022-11-04 18:59:48.452 [info] > git rev-parse --show-toplevel [1ms]
2022-11-04 18:59:48.452 [info] fatal: not a git repository (or any of the parent directories): .git
2022-11-04 18:59:48.470 [info] > git rev-parse --show-toplevel [1ms]
2022-11-04 18:59:48.470 [info] fatal: not a git repository (or any of the parent directories): .git
2022-11-04 18:59:48.481 [info] > git rev-parse --show-toplevel [5ms]
2022-11-04 18:59:48.481 [info] fatal: not a git repository (or any of the parent directories): .git
2022-11-04 18:59:48.488 [info] > git rev-parse --show-toplevel [1ms]
2022-11-04 18:59:48.488 [info] fatal: not a git repository (or any of the parent directories): .git
2022-11-04 18:59:48.500 [info] > git rev-parse --show-toplevel [1ms]
2022-11-04 18:59:48.500 [info] fatal: not a git repository (or any of the parent directories): .git
2022-11-04 18:59:48.715 [info] > git rev-parse --show-toplevel [2ms]
2022-11-04 18:59:48.715 [info] fatal: not a git repository (or any of the parent directories): .git
2022-11-04 18:59:48.722 [info] > git rev-parse --show-toplevel [0ms]
2022-11-04 18:59:48.722 [info] fatal: not a git repository (or any of the parent directories): .git
2022-11-04 18:59:48.733 [info] > git rev-parse --show-toplevel [4ms]
2022-11-04 18:59:48.733 [info] fatal: not a git repository (or any of the parent directories): .git
2022-11-04 18:59:48.740 [info] > git rev-parse --show-toplevel [1ms]
2022-11-04 18:59:48.740 [info] fatal: not a git repository (or any of the parent directories): .git
2022-11-04 18:59:48.755 [info] > git rev-parse --show-toplevel [1ms]
2022-11-04 18:59:48.755 [info] fatal: not a git repository (or any of the parent directories): .git
2022-11-04 18:59:48.762 [info] > git rev-parse --show-toplevel [1ms]
2022-11-04 18:59:48.763 [info] fatal: not a git repository (or any of the parent directories): .git
2022-11-04 18:59:48.774 [info] > git rev-parse --show-toplevel [0ms]
2022-11-04 18:59:48.774 [info] fatal: not a git repository (or any of the parent directories): .git
2022-11-04 18:59:48.787 [info] > git rev-parse --show-toplevel [2ms]
2022-11-04 18:59:48.787 [info] fatal: not a git repository (or any of the parent directories): .git
2022-11-04 18:59:48.802 [info] > git rev-parse --show-toplevel [1ms]
2022-11-04 18:59:48.802 [info] fatal: not a git repository (or any of the parent directories): .git
2022-11-04 18:59:48.808 [info] > git rev-parse --show-toplevel [1ms]
2022-11-04 18:59:48.808 [info] fatal: not a git repository (or any of the parent directories): .git
2022-11-04 18:59:48.965 [info] > git rev-parse --show-toplevel [1ms]
2022-11-04 18:59:48.965 [info] fatal: not a git repository (or any of the parent directories): .git
2022-11-04 18:59:49.010 [info] > git rev-parse --show-toplevel [1ms]
2022-11-04 18:59:49.010 [info] fatal: not a git repository (or any of the parent directories): .git
2022-11-04 18:59:49.030 [info] > git rev-parse --show-toplevel [3ms]
2022-11-04 18:59:49.030 [info] fatal: not a git repository (or any of the parent directories): .git
2022-11-04 18:59:49.039 [info] > git rev-parse --show-toplevel [1ms]
2022-11-04 18:59:49.039 [info] fatal: not a git repository (or any of the parent directories): .git
2022-11-04 18:59:49.059 [info] > git rev-parse --show-toplevel [1ms]
2022-11-04 18:59:49.059 [info] fatal: not a git repository (or any of the parent directories): .git
2022-11-04 18:59:49.084 [info] > git rev-parse --show-toplevel [11ms]
2022-11-04 18:59:49.084 [info] fatal: not a git repository (or any of the parent directories): .git
2022-11-04 18:59:49.294 [info] > git rev-parse --show-toplevel [1ms]
2022-11-04 18:59:49.294 [info] fatal: not a git repository (or any of the parent directories): .git
2022-11-04 18:59:49.301 [info] > git rev-parse --show-toplevel [1ms]
2022-11-04 18:59:49.301 [info] fatal: not a git repository (or any of the parent directories): .git
2022-11-04 18:59:49.313 [info] > git rev-parse --show-toplevel [6ms]
2022-11-04 18:59:49.313 [info] fatal: not a git repository (or any of the parent directories): .git
2022-11-04 18:59:49.321 [info] > git rev-parse --show-toplevel [0ms]
2022-11-04 18:59:49.321 [info] fatal: not a git repository (or any of the parent directories): .git
2022-11-04 18:59:49.347 [info] > git rev-parse --show-toplevel [1ms]
2022-11-04 18:59:49.348 [info] fatal: not a git repository (or any of the parent directories): .git
2022-11-04 18:59:49.365 [info] > git rev-parse --show-toplevel [0ms]
2022-11-04 18:59:49.365 [info] fatal: not a git repository (or any of the parent directories): .git
2022-11-04 18:59:49.372 [info] > git rev-parse --show-toplevel [0ms]
2022-11-04 18:59:49.372 [info] fatal: not a git repository (or any of the parent directories): .git
2022-11-04 18:59:49.383 [info] > git rev-parse --show-toplevel [1ms]
2022-11-04 18:59:49.383 [info] fatal: not a git repository (or any of the parent directories): .git
2022-11-04 18:59:49.395 [info] > git rev-parse --show-toplevel [1ms]
2022-11-04 18:59:49.395 [info] fatal: not a git repository (or any of the parent directories): .git
2022-11-04 18:59:49.412 [info] > git rev-parse --show-toplevel [0ms]
2022-11-04 18:59:49.412 [info] fatal: not a git repository (or any of the parent directories): .git
2022-11-04 18:59:49.419 [info] > git rev-parse --show-toplevel [1ms]
2022-11-04 18:59:49.419 [info] fatal: not a git repository (or any of the parent directories): .git
2022-11-04 18:59:49.568 [info] > git rev-parse --show-toplevel [3ms]
2022-11-04 18:59:49.568 [info] fatal: not a git repository (or any of the parent directories): .git
2022-11-04 18:59:49.580 [info] > git rev-parse --show-toplevel [1ms]
2022-11-04 18:59:49.580 [info] fatal: not a git repository (or any of the parent directories): .git
2022-11-04 18:59:49.629 [info] > git rev-parse --show-toplevel [1ms]
2022-11-04 18:59:49.629 [info] fatal: not a git repository (or any of the parent directories): .git
2022-11-04 18:59:49.636 [info] > git rev-parse --show-toplevel [1ms]
2022-11-04 18:59:49.636 [info] fatal: not a git repository (or any of the parent directories): .git
2022-11-04 18:59:49.652 [info] > git rev-parse --show-toplevel [1ms]
2022-11-04 18:59:49.652 [info] fatal: not a git repository (or any of the parent directories): .git
2022-11-04 18:59:49.685 [info] > git rev-parse --show-toplevel [0ms]
2022-11-04 18:59:49.685 [info] fatal: not a git repository (or any of the parent directories): .git
2022-11-04 18:59:49.692 [info] > git rev-parse --show-toplevel [1ms]
2022-11-04 18:59:49.692 [info] fatal: not a git repository (or any of the parent directories): .git
2022-11-04 18:59:49.698 [info] > git rev-parse --show-toplevel [1ms]
2022-11-04 18:59:49.699 [info] fatal: not a git repository (or any of the parent directories): .git
2022-11-04 18:59:49.827 [info] > git rev-parse --show-toplevel [1ms]
2022-11-04 18:59:49.827 [info] fatal: not a git repository (or any of the parent directories): .git
2022-11-04 18:59:49.864 [info] > git rev-parse --show-toplevel [1ms]
2022-11-04 18:59:49.864 [info] fatal: not a git repository (or any of the parent directories): .git
2022-11-04 18:59:49.881 [info] > git rev-parse --show-toplevel [2ms]
2022-11-04 18:59:49.881 [info] fatal: not a git repository (or any of the parent directories): .git
2022-11-04 18:59:49.889 [info] > git rev-parse --show-toplevel [1ms]
2022-11-04 18:59:49.889 [info] fatal: not a git repository (or any of the parent directories): .git
2022-11-04 18:59:49.901 [info] > git rev-parse --show-toplevel [1ms]
2022-11-04 18:59:49.901 [info] fatal: not a git repository (or any of the parent directories): .git
2022-11-04 18:59:49.913 [info] > git rev-parse --show-toplevel [1ms]
2022-11-04 18:59:49.913 [info] fatal: not a git repository (or any of the parent directories): .git
2022-11-04 18:59:49.948 [info] > git rev-parse --show-toplevel [1ms]
2022-11-04 18:59:49.948 [info] fatal: not a git repository (or any of the parent directories): .git
2022-11-04 18:59:49.963 [info] > git rev-parse --show-toplevel [1ms]
2022-11-04 18:59:49.963 [info] fatal: not a git repository (or any of the parent directories): .git
2022-11-04 18:59:49.971 [info] > git rev-parse --show-toplevel [1ms]
2022-11-04 18:59:49.971 [info] fatal: not a git repository (or any of the parent directories): .git
2022-11-04 18:59:49.982 [info] > git rev-parse --show-toplevel [1ms]
2022-11-04 18:59:49.982 [info] fatal: not a git repository (or any of the parent directories): .git
2022-11-04 18:59:50.127 [info] > git rev-parse --show-toplevel [1ms]
2022-11-04 18:59:50.127 [info] fatal: not a git repository (or any of the parent directories): .git
2022-11-04 18:59:50.153 [info] > git rev-parse --show-toplevel [11ms]
2022-11-04 18:59:50.153 [info] fatal: not a git repository (or any of the parent directories): .git
2022-11-04 18:59:50.161 [info] > git rev-parse --show-toplevel [0ms]
2022-11-04 18:59:50.161 [info] fatal: not a git repository (or any of the parent directories): .git
2022-11-04 18:59:50.306 [info] > git rev-parse --show-toplevel [3ms]
2022-11-04 18:59:50.306 [info] fatal: not a git repository (or any of the parent directories): .git
2022-11-04 18:59:50.314 [info] > git rev-parse --show-toplevel [1ms]
2022-11-04 18:59:50.314 [info] fatal: not a git repository (or any of the parent directories): .git
2022-11-04 18:59:50.329 [info] > git rev-parse --show-toplevel [1ms]
2022-11-04 18:59:50.329 [info] fatal: not a git repository (or any of the parent directories): .git
2022-11-04 18:59:50.337 [info] > git rev-parse --show-toplevel [0ms]
2022-11-04 18:59:50.337 [info] fatal: not a git repository (or any of the parent directories): .git
2022-11-04 18:59:50.349 [info] > git rev-parse --show-toplevel [1ms]
2022-11-04 18:59:50.349 [info] fatal: not a git repository (or any of the parent directories): .git
2022-11-04 18:59:50.361 [info] > git rev-parse --show-toplevel [1ms]
2022-11-04 18:59:50.361 [info] fatal: not a git repository (or any of the parent directories): .git
2022-11-04 18:59:50.377 [info] > git rev-parse --show-toplevel [1ms]
2022-11-04 18:59:50.377 [info] fatal: not a git repository (or any of the parent directories): .git
2022-11-04 18:59:50.384 [info] > git rev-parse --show-toplevel [1ms]
2022-11-04 18:59:50.384 [info] fatal: not a git repository (or any of the parent directories): .git
2022-11-04 18:59:50.397 [info] > git rev-parse --show-toplevel [1ms]
2022-11-04 18:59:50.397 [info] fatal: not a git repository (or any of the parent directories): .git
2022-11-04 18:59:50.414 [info] > git rev-parse --show-toplevel [1ms]
2022-11-04 18:59:50.414 [info] fatal: not a git repository (or any of the parent directories): .git
2022-11-04 18:59:50.430 [info] > git rev-parse --show-toplevel [0ms]
2022-11-04 18:59:50.430 [info] fatal: not a git repository (or any of the parent directories): .git
2022-11-04 18:59:50.437 [info] > git rev-parse --show-toplevel [1ms]
2022-11-04 18:59:50.437 [info] fatal: not a git repository (or any of the parent directories): .git
2022-11-04 18:59:50.592 [info] > git rev-parse --show-toplevel [3ms]
2022-11-04 18:59:50.592 [info] fatal: not a git repository (or any of the parent directories): .git
2022-11-04 18:59:50.605 [info] > git rev-parse --show-toplevel [1ms]
2022-11-04 18:59:50.605 [info] fatal: not a git repository (or any of the parent directories): .git
2022-11-04 18:59:50.618 [info] > git rev-parse --show-toplevel [0ms]
2022-11-04 18:59:50.618 [info] fatal: not a git repository (or any of the parent directories): .git
2022-11-04 18:59:50.650 [info] > git rev-parse --show-toplevel [1ms]
2022-11-04 18:59:50.651 [info] fatal: not a git repository (or any of the parent directories): .git
2022-11-04 18:59:50.658 [info] > git rev-parse --show-toplevel [1ms]
2022-11-04 18:59:50.658 [info] fatal: not a git repository (or any of the parent directories): .git
2022-11-04 18:59:50.665 [info] > git rev-parse --show-toplevel [0ms]
2022-11-04 18:59:50.665 [info] fatal: not a git repository (or any of the parent directories): .git
2022-11-04 18:59:50.709 [info] > git rev-parse --show-toplevel [1ms]
2022-11-04 18:59:50.709 [info] fatal: not a git repository (or any of the parent directories): .git
2022-11-04 18:59:50.725 [info] > git rev-parse --show-toplevel [1ms]
2022-11-04 18:59:50.725 [info] fatal: not a git repository (or any of the parent directories): .git
2022-11-04 18:59:50.732 [info] > git rev-parse --show-toplevel [0ms]
2022-11-04 18:59:50.732 [info] fatal: not a git repository (or any of the parent directories): .git
2022-11-04 18:59:50.744 [info] > git rev-parse --show-toplevel [1ms]
2022-11-04 18:59:50.744 [info] fatal: not a git repository (or any of the parent directories): .git
2022-11-04 18:59:50.760 [info] > git rev-parse --show-toplevel [1ms]
2022-11-04 18:59:50.760 [info] fatal: not a git repository (or any of the parent directories): .git
2022-11-04 18:59:50.883 [info] > git rev-parse --show-toplevel [3ms]
2022-11-04 18:59:50.883 [info] fatal: not a git repository (or any of the parent directories): .git
2022-11-04 18:59:50.893 [info] > git rev-parse --show-toplevel [1ms]
2022-11-04 18:59:50.893 [info] fatal: not a git repository (or any of the parent directories): .git
2022-11-04 18:59:50.913 [info] > git rev-parse --show-toplevel [1ms]
2022-11-04 18:59:50.913 [info] fatal: not a git repository (or any of the parent directories): .git
2022-11-04 18:59:50.936 [info] > git rev-parse --show-toplevel [10ms]
2022-11-04 18:59:50.936 [info] fatal: not a git repository (or any of the parent directories): .git
2022-11-04 18:59:50.954 [info] > git rev-parse --show-toplevel [0ms]
2022-11-04 18:59:50.954 [info] fatal: not a git repository (or any of the parent directories): .git
2022-11-04 18:59:50.961 [info] > git rev-parse --show-toplevel [1ms]
2022-11-04 18:59:50.961 [info] fatal: not a git repository (or any of the parent directories): .git
2022-11-04 18:59:50.973 [info] > git rev-parse --show-toplevel [0ms]
2022-11-04 18:59:50.973 [info] fatal: not a git repository (or any of the parent directories): .git
2022-11-04 18:59:50.991 [info] > git rev-parse --show-toplevel [1ms]
2022-11-04 18:59:50.991 [info] fatal: not a git repository (or any of the parent directories): .git
2022-11-04 18:59:51.019 [info] > git rev-parse --show-toplevel [1ms]
2022-11-04 18:59:51.019 [info] fatal: not a git repository (or any of the parent directories): .git
2022-11-04 18:59:51.027 [info] > git rev-parse --show-toplevel [0ms]
2022-11-04 18:59:51.027 [info] fatal: not a git repository (or any of the parent directories): .git
2022-11-04 18:59:51.038 [info] > git rev-parse --show-toplevel [4ms]
2022-11-04 18:59:51.038 [info] fatal: not a git repository (or any of the parent directories): .git
2022-11-04 18:59:51.045 [info] > git rev-parse --show-toplevel [1ms]
2022-11-04 18:59:51.045 [info] fatal: not a git repository (or any of the parent directories): .git
2022-11-04 18:59:51.185 [info] > git rev-parse --show-toplevel [1ms]
2022-11-04 18:59:51.185 [info] fatal: not a git repository (or any of the parent directories): .git
2022-11-04 18:59:51.193 [info] > git rev-parse --show-toplevel [1ms]
2022-11-04 18:59:51.193 [info] fatal: not a git repository (or any of the parent directories): .git
2022-11-04 18:59:51.205 [info] > git rev-parse --show-toplevel [1ms]
2022-11-04 18:59:51.205 [info] fatal: not a git repository (or any of the parent directories): .git
2022-11-04 18:59:51.219 [info] > git rev-parse --show-toplevel [3ms]
2022-11-04 18:59:51.219 [info] fatal: not a git repository (or any of the parent directories): .git
2022-11-04 18:59:51.232 [info] > git rev-parse --show-toplevel [0ms]
2022-11-04 18:59:51.232 [info] fatal: not a git repository (or any of the parent directories): .git
2022-11-04 18:59:51.248 [info] > git rev-parse --show-toplevel [1ms]
2022-11-04 18:59:51.249 [info] fatal: not a git repository (or any of the parent directories): .git
2022-11-04 18:59:51.260 [info] > git rev-parse --show-toplevel [5ms]
2022-11-04 18:59:51.260 [info] fatal: not a git repository (or any of the parent directories): .git
2022-11-04 18:59:51.268 [info] > git rev-parse --show-toplevel [1ms]
2022-11-04 18:59:51.268 [info] fatal: not a git repository (or any of the parent directories): .git
2022-11-04 18:59:51.287 [info] > git rev-parse --show-toplevel [1ms]
2022-11-04 18:59:51.287 [info] fatal: not a git repository (or any of the parent directories): .git
2022-11-04 18:59:51.303 [info] > git rev-parse --show-toplevel [1ms]
2022-11-04 18:59:51.303 [info] fatal: not a git repository (or any of the parent directories): .git
2022-11-04 18:59:51.311 [info] > git rev-parse --show-toplevel [0ms]
2022-11-04 18:59:51.311 [info] fatal: not a git repository (or any of the parent directories): .git
2022-11-04 18:59:51.389 [info] > git rev-parse --show-toplevel [0ms]
2022-11-04 18:59:51.389 [info] fatal: not a git repository (or any of the parent directories): .git
2022-11-04 18:59:51.487 [info] > git rev-parse --show-toplevel [1ms]
2022-11-04 18:59:51.487 [info] fatal: not a git repository (or any of the parent directories): .git
2022-11-04 18:59:51.533 [info] > git rev-parse --show-toplevel [2ms]
2022-11-04 18:59:51.533 [info] fatal: not a git repository (or any of the parent directories): .git
2022-11-04 18:59:51.541 [info] > git rev-parse --show-toplevel [1ms]
2022-11-04 18:59:51.541 [info] fatal: not a git repository (or any of the parent directories): .git
