[Info  - 6:49:10 PM] (617637) Pylance language server 2022.11.10 (pyright 4e50162d) starting
[Info  - 6:49:10 PM] (617637) Server root directory: /home/patrick_rubayita/.vscode-server/extensions/ms-python.vscode-pylance-2022.11.10/dist
[Info  - 6:49:10 PM] (617637) Starting service instance "patrick_rubayita"
[Info  - 6:49:10 PM] (617637) Notebook support: Legacy
[Info  - 6:49:10 PM] (617637) Interactive window support: Legacy
[Info  - 6:49:10 PM] (617637) No configuration file found.
[Info  - 6:49:10 PM] (617637) No pyproject.toml file found.
[Info  - 6:49:10 PM] (617637) Setting pythonPath for service "patrick_rubayita": "/bin/python3"
[Warn  - 6:49:10 PM] (617637) stubPath /home/patrick_rubayita/typings is not a valid directory.
[Info  - 6:49:10 PM] (617637) Assuming Python version 3.8
[Info  - 6:49:10 PM] (617637) Assuming Python platform Linux
[Info  - 6:49:10 PM] (617637) Searching for source files
[Info  - 6:49:10 PM] (617637) Found 3 source files
[Info  - 6:49:10 PM] (617637) Background analysis(1) root directory: /home/patrick_rubayita/.vscode-server/extensions/ms-python.vscode-pylance-2022.11.10/dist
[Info  - 6:49:10 PM] (617637) Background analysis(1) started
[Info  - 6:49:10 PM] (617637) Searching for source files
[Info  - 6:49:10 PM] (617637) Found 3 source files
[Info  - 6:49:10 PM] (617637) Indexer background runner(2) root directory: /home/patrick_rubayita/.vscode-server/extensions/ms-python.vscode-pylance-2022.11.10/dist (index)
[Info  - 6:49:10 PM] (617637) Indexing(2) started
[Info  - 6:49:11 PM] (617637) Indexer done(2). indexed 484 files
[Info  - 6:49:13 PM] (617637) Searching for source files
[Info  - 6:49:13 PM] (617637) Found 3 source files
