Name: isort
Module: isort
Python extension loading
Waiting for interpreter from python extension.
Python extension loaded
CWD Server: /home/patrick_rubayita
sys.path used to run Server:
   /home/patrick_rubayita/.vscode-server/extensions/ms-python.isort-2022.4.0/bundled/libs
   /home/patrick_rubayita/.vscode-server/extensions/ms-python.isort-2022.4.0/bundled/tool
   /usr/lib/python38.zip
   /usr/lib/python3.8
   /usr/lib/python3.8/lib-dynload
   /usr/local/lib/python3.8/dist-packages
   /usr/lib/python3/dist-packages
Settings used to run Server:
[
    {
        "check": false,
        "workspace": "file:///home/patrick_rubayita",
        "logLevel": "error",
        "args": [],
        "severity": {
            "W": "Warning",
            "E": "Error"
        },
        "path": [],
        "interpreter": [
            "/bin/python3"
        ],
        "importStrategy": "useBundled",
        "showNotifications": "off"
    }
]

/bin/python3 -m isort --version-number
CWD Linter: /home/patrick_rubayita
Version info for isort running for /home/patrick_rubayita:
5.10.1

SUPPORTED isort>=5.10.1
FOUND isort==5.10.1

