2022-11-05 06:43:51.851 [info] Validating found git in: git
2022-11-05 06:43:51.851 [info] Using git 2.25.1 from git
2022-11-05 06:43:51.851 [info] > git rev-parse --show-toplevel [7ms]
2022-11-05 06:43:51.851 [info] fatal: not a git repository (or any of the parent directories): .git
2022-11-05 06:43:51.851 [info] > git rev-parse --show-toplevel [25ms]
2022-11-05 06:43:51.851 [info] fatal: not a git repository (or any of the parent directories): .git
2022-11-05 06:43:51.851 [info] > git rev-parse --show-toplevel [1ms]
2022-11-05 06:43:51.851 [info] fatal: not a git repository (or any of the parent directories): .git
2022-11-05 06:43:51.851 [info] > git rev-parse --show-toplevel [1ms]
2022-11-05 06:43:51.851 [info] fatal: not a git repository (or any of the parent directories): .git
2022-11-05 06:43:51.851 [info] > git rev-parse --show-toplevel [1ms]
2022-11-05 06:43:51.851 [info] fatal: not a git repository (or any of the parent directories): .git
2022-11-05 06:43:51.851 [info] > git rev-parse --show-toplevel [1ms]
2022-11-05 06:43:51.851 [info] fatal: not a git repository (or any of the parent directories): .git
2022-11-05 06:43:51.851 [info] > git rev-parse --show-toplevel [1ms]
2022-11-05 06:43:51.851 [info] fatal: not a git repository (or any of the parent directories): .git
2022-11-05 06:43:51.851 [info] > git rev-parse --show-toplevel [1ms]
2022-11-05 06:43:51.851 [info] fatal: not a git repository (or any of the parent directories): .git
2022-11-05 06:43:51.851 [info] > git rev-parse --show-toplevel [2ms]
2022-11-05 06:43:51.851 [info] > git rev-parse --git-dir --git-common-dir [1ms]
2022-11-05 06:43:51.851 [info] Log level: Info
2022-11-05 06:43:51.851 [info] Open repository: /home/patrick_rubayita/creative-optimisation-cv
2022-11-05 06:43:51.851 [info] > git remote --verbose [11ms]
2022-11-05 06:43:51.851 [info] > git for-each-ref --sort -committerdate --format %(refname) %(objectname) %(*objectname) [14ms]
2022-11-05 06:43:51.851 [info] > git status -z -uall [11ms]
2022-11-05 06:43:51.851 [info] > git config --get commit.template [7ms]
2022-11-05 06:43:51.852 [info] > git for-each-ref --format=%(refname)%00%(upstream:short)%00%(objectname)%00%(upstream:track)%00%(upstream:remotename)%00%(upstream:remoteref) refs/heads/main refs/remotes/main [5ms]
2022-11-05 06:43:51.852 [info] > git status -z -uall [3ms]
2022-11-05 06:43:51.852 [info] > git remote --verbose [6ms]
2022-11-05 06:43:51.852 [info] > git for-each-ref --sort -committerdate --format %(refname) %(objectname) %(*objectname) [9ms]
2022-11-05 06:43:51.852 [info] > git config --get commit.template [2ms]
2022-11-05 06:43:51.852 [info] > git for-each-ref --format=%(refname)%00%(upstream:short)%00%(objectname)%00%(upstream:track)%00%(upstream:remotename)%00%(upstream:remoteref) refs/heads/main refs/remotes/main [1ms]
2022-11-05 06:43:51.852 [info] > git check-ignore -v -z --stdin [1ms]
2022-11-05 06:43:53.567 [info] > git rev-parse --show-toplevel [1ms]
2022-11-05 06:43:53.567 [info] fatal: not a git repository (or any of the parent directories): .git
2022-11-05 06:43:54.050 [info] > git rev-parse --show-toplevel [1ms]
2022-11-05 06:43:54.050 [info] fatal: not a git repository (or any of the parent directories): .git
2022-11-05 06:43:54.065 [info] > git rev-parse --show-toplevel [1ms]
2022-11-05 06:43:54.065 [info] fatal: not a git repository (or any of the parent directories): .git
2022-11-05 06:43:54.357 [info] > git rev-parse --show-toplevel [1ms]
2022-11-05 06:43:54.357 [info] fatal: not a git repository (or any of the parent directories): .git
2022-11-05 06:43:54.366 [info] > git rev-parse --show-toplevel [1ms]
2022-11-05 06:43:54.366 [info] fatal: not a git repository (or any of the parent directories): .git
2022-11-05 06:43:54.380 [info] > git rev-parse --show-toplevel [2ms]
2022-11-05 06:43:54.380 [info] fatal: not a git repository (or any of the parent directories): .git
2022-11-05 06:44:37.742 [info] > git check-ignore -v -z --stdin [1ms]
2022-11-05 06:44:37.879 [info] > git status -z -uall [5ms]
2022-11-05 06:44:37.880 [info] > git remote --verbose [10ms]
2022-11-05 06:44:37.881 [info] > git for-each-ref --sort -committerdate --format %(refname) %(objectname) %(*objectname) [15ms]
2022-11-05 06:44:37.882 [info] > git config --get commit.template [3ms]
2022-11-05 06:44:37.888 [info] > git for-each-ref --format=%(refname)%00%(upstream:short)%00%(objectname)%00%(upstream:track)%00%(upstream:remotename)%00%(upstream:remoteref) refs/heads/main refs/remotes/main [1ms]
2022-11-05 06:47:36.656 [info] > git status -z -uall [6ms]
2022-11-05 06:47:36.656 [info] > git remote --verbose [10ms]
2022-11-05 06:47:36.657 [info] > git for-each-ref --sort -committerdate --format %(refname) %(objectname) %(*objectname) [14ms]
2022-11-05 06:47:36.659 [info] > git config --get commit.template [3ms]
2022-11-05 06:47:36.665 [info] > git for-each-ref --format=%(refname)%00%(upstream:short)%00%(objectname)%00%(upstream:track)%00%(upstream:remotename)%00%(upstream:remoteref) refs/heads/main refs/remotes/main [1ms]
2022-11-05 06:48:45.771 [info] > git status -z -uall [4ms]
2022-11-05 06:48:45.772 [info] > git remote --verbose [9ms]
2022-11-05 06:48:45.772 [info] > git for-each-ref --sort -committerdate --format %(refname) %(objectname) %(*objectname) [13ms]
2022-11-05 06:48:45.773 [info] > git config --get commit.template [2ms]
2022-11-05 06:48:45.779 [info] > git for-each-ref --format=%(refname)%00%(upstream:short)%00%(objectname)%00%(upstream:track)%00%(upstream:remotename)%00%(upstream:remoteref) refs/heads/main refs/remotes/main [1ms]
2022-11-05 06:48:47.877 [info] > git check-ignore -v -z --stdin [1ms]
2022-11-05 06:48:50.798 [info] > git status -z -uall [4ms]
2022-11-05 06:48:50.799 [info] > git remote --verbose [9ms]
2022-11-05 06:48:50.799 [info] > git for-each-ref --sort -committerdate --format %(refname) %(objectname) %(*objectname) [13ms]
2022-11-05 06:48:50.800 [info] > git config --get commit.template [2ms]
2022-11-05 06:48:50.805 [info] > git for-each-ref --format=%(refname)%00%(upstream:short)%00%(objectname)%00%(upstream:track)%00%(upstream:remotename)%00%(upstream:remoteref) refs/heads/main refs/remotes/main [1ms]
2022-11-05 07:06:15.232 [info] > git rev-parse --show-toplevel [1ms]
2022-11-05 07:06:15.232 [info] fatal: not a git repository (or any of the parent directories): .git
2022-11-05 07:06:15.636 [info] > git rev-parse --show-toplevel [1ms]
2022-11-05 07:06:15.636 [info] fatal: not a git repository (or any of the parent directories): .git
2022-11-05 07:06:15.661 [info] > git rev-parse --show-toplevel [1ms]
2022-11-05 07:06:15.661 [info] fatal: not a git repository (or any of the parent directories): .git
2022-11-05 07:06:16.055 [info] > git rev-parse --show-toplevel [1ms]
2022-11-05 07:06:16.056 [info] fatal: not a git repository (or any of the parent directories): .git
2022-11-05 07:06:16.061 [info] > git rev-parse --show-toplevel [1ms]
2022-11-05 07:06:16.061 [info] fatal: not a git repository (or any of the parent directories): .git
2022-11-05 07:06:16.073 [info] > git rev-parse --show-toplevel [0ms]
2022-11-05 07:06:16.073 [info] fatal: not a git repository (or any of the parent directories): .git
2022-11-05 07:06:16.360 [info] > git rev-parse --show-toplevel [1ms]
2022-11-05 07:06:16.360 [info] fatal: not a git repository (or any of the parent directories): .git
2022-11-05 07:06:16.377 [info] > git rev-parse --show-toplevel [2ms]
2022-11-05 07:06:16.377 [info] fatal: not a git repository (or any of the parent directories): .git
2022-11-05 07:06:16.384 [info] > git rev-parse --show-toplevel [2ms]
2022-11-05 07:06:16.384 [info] fatal: not a git repository (or any of the parent directories): .git
2022-11-05 07:06:16.676 [info] > git rev-parse --show-toplevel [1ms]
2022-11-05 07:06:16.676 [info] fatal: not a git repository (or any of the parent directories): .git
2022-11-05 07:06:16.702 [info] > git rev-parse --show-toplevel [1ms]
2022-11-05 07:06:16.702 [info] fatal: not a git repository (or any of the parent directories): .git
2022-11-05 07:11:45.048 [info] > git rev-parse --show-toplevel [1ms]
2022-11-05 07:11:45.049 [info] fatal: not a git repository (or any of the parent directories): .git
2022-11-05 07:47:21.652 [info] > git rev-parse --show-toplevel [1ms]
2022-11-05 07:47:21.652 [info] fatal: not a git repository (or any of the parent directories): .git
2022-11-05 07:47:22.060 [info] > git rev-parse --show-toplevel [1ms]
2022-11-05 07:47:22.060 [info] fatal: not a git repository (or any of the parent directories): .git
2022-11-05 07:47:22.094 [info] > git rev-parse --show-toplevel [2ms]
2022-11-05 07:47:22.094 [info] fatal: not a git repository (or any of the parent directories): .git
2022-11-05 07:47:22.099 [info] > git rev-parse --show-toplevel [1ms]
2022-11-05 07:47:22.099 [info] fatal: not a git repository (or any of the parent directories): .git
2022-11-05 09:32:07.458 [info] > git rev-parse --show-toplevel [1ms]
2022-11-05 09:32:07.458 [info] fatal: not a git repository (or any of the parent directories): .git
2022-11-05 09:32:07.762 [info] > git rev-parse --show-toplevel [2ms]
2022-11-05 09:32:07.762 [info] fatal: not a git repository (or any of the parent directories): .git
2022-11-05 09:37:06.512 [info] > git rev-parse --show-toplevel [2ms]
2022-11-05 09:37:06.512 [info] fatal: not a git repository (or any of the parent directories): .git
2022-11-05 09:37:06.816 [info] > git rev-parse --show-toplevel [1ms]
2022-11-05 09:37:06.817 [info] fatal: not a git repository (or any of the parent directories): .git
2022-11-05 09:37:06.834 [info] > git rev-parse --show-toplevel [1ms]
2022-11-05 09:37:06.834 [info] fatal: not a git repository (or any of the parent directories): .git
2022-11-05 09:37:07.220 [info] > git rev-parse --show-toplevel [1ms]
2022-11-05 09:37:07.220 [info] fatal: not a git repository (or any of the parent directories): .git
2022-11-05 09:37:07.225 [info] > git rev-parse --show-toplevel [1ms]
2022-11-05 09:37:07.225 [info] fatal: not a git repository (or any of the parent directories): .git
2022-11-05 09:37:07.236 [info] > git rev-parse --show-toplevel [1ms]
2022-11-05 09:37:07.237 [info] fatal: not a git repository (or any of the parent directories): .git
2022-11-05 09:37:07.641 [info] > git rev-parse --show-toplevel [1ms]
2022-11-05 09:37:07.641 [info] fatal: not a git repository (or any of the parent directories): .git
2022-11-05 09:37:07.941 [info] > git rev-parse --show-toplevel [2ms]
2022-11-05 09:37:07.941 [info] fatal: not a git repository (or any of the parent directories): .git
2022-11-05 09:37:07.949 [info] > git rev-parse --show-toplevel [2ms]
2022-11-05 09:37:07.949 [info] fatal: not a git repository (or any of the parent directories): .git
2022-11-05 09:38:45.155 [info] > git status -z -uall [6ms]
2022-11-05 09:38:45.155 [info] > git remote --verbose [12ms]
2022-11-05 09:38:45.156 [info] > git for-each-ref --sort -committerdate --format %(refname) %(objectname) %(*objectname) [17ms]
2022-11-05 09:38:45.157 [info] > git config --get commit.template [2ms]
2022-11-05 09:38:45.163 [info] > git for-each-ref --format=%(refname)%00%(upstream:short)%00%(objectname)%00%(upstream:track)%00%(upstream:remotename)%00%(upstream:remoteref) refs/heads/main refs/remotes/main [0ms]
2022-11-05 09:38:52.932 [info] > git check-ignore -v -z --stdin [1ms]
2022-11-05 09:38:56.138 [info] > git check-ignore -v -z --stdin [1ms]
2022-11-05 09:39:49.545 [info] > git check-ignore -v -z --stdin [1ms]
2022-11-05 09:40:00.132 [info] > git check-ignore -v -z --stdin [1ms]
2022-11-05 09:40:08.048 [info] > git check-ignore -v -z --stdin [1ms]
2022-11-05 09:40:09.195 [info] > git check-ignore -v -z --stdin [1ms]
2022-11-05 09:40:15.029 [info] > git check-ignore -v -z --stdin [1ms]
2022-11-05 09:40:52.958 [info] > git check-ignore -v -z --stdin [1ms]
2022-11-05 09:40:55.400 [info] > git check-ignore -v -z --stdin [1ms]
2022-11-05 09:40:57.616 [info] > git check-ignore -v -z --stdin [1ms]
2022-11-05 09:40:59.492 [info] > git check-ignore -v -z --stdin [1ms]
2022-11-05 09:41:00.677 [info] > git check-ignore -v -z --stdin [1ms]
2022-11-05 09:41:07.631 [info] > git check-ignore -v -z --stdin [1ms]
2022-11-05 09:41:13.921 [info] > git check-ignore -v -z --stdin [1ms]
2022-11-05 09:41:15.188 [info] > git check-ignore -v -z --stdin [1ms]
2022-11-05 09:41:16.716 [info] > git check-ignore -v -z --stdin [1ms]
2022-11-05 09:41:20.052 [info] > git check-ignore -v -z --stdin [1ms]
2022-11-05 09:41:23.456 [info] > git check-ignore -v -z --stdin [1ms]
2022-11-05 09:41:30.163 [info] > git check-ignore -v -z --stdin [0ms]
2022-11-05 09:41:36.376 [info] > git check-ignore -v -z --stdin [0ms]
2022-11-05 09:41:43.046 [info] > git check-ignore -v -z --stdin [1ms]
2022-11-05 09:41:51.590 [info] > git check-ignore -v -z --stdin [0ms]
2022-11-05 09:41:57.747 [info] > git check-ignore -v -z --stdin [1ms]
2022-11-05 09:42:30.426 [info] > git check-ignore -v -z --stdin [1ms]
2022-11-05 09:42:39.321 [info] > git check-ignore -v -z --stdin [1ms]
2022-11-05 09:42:40.522 [info] > git check-ignore -v -z --stdin [1ms]
2022-11-05 09:42:48.020 [info] > git check-ignore -v -z --stdin [1ms]
2022-11-05 09:42:49.041 [info] > git check-ignore -v -z --stdin [1ms]
2022-11-05 09:43:21.256 [info] > git check-ignore -v -z --stdin [1ms]
2022-11-05 09:47:09.458 [info] > git remote --verbose [5ms]
2022-11-05 09:47:09.458 [info] > git for-each-ref --sort -committerdate --format %(refname) %(objectname) %(*objectname) [10ms]
2022-11-05 09:47:09.463 [info] > git status -z -uall [7ms]
2022-11-05 09:47:09.469 [info] > git config --get commit.template [6ms]
2022-11-05 09:47:09.469 [info] > git for-each-ref --format=%(refname)%00%(upstream:short)%00%(objectname)%00%(upstream:track)%00%(upstream:remotename)%00%(upstream:remoteref) refs/heads/main refs/remotes/main [2ms]
2022-11-05 09:47:14.493 [info] > git status -z -uall [5ms]
2022-11-05 09:47:14.494 [info] > git remote --verbose [13ms]
2022-11-05 09:47:14.494 [info] > git for-each-ref --sort -committerdate --format %(refname) %(objectname) %(*objectname) [18ms]
2022-11-05 09:47:14.495 [info] > git config --get commit.template [2ms]
2022-11-05 09:47:14.501 [info] > git for-each-ref --format=%(refname)%00%(upstream:short)%00%(objectname)%00%(upstream:track)%00%(upstream:remotename)%00%(upstream:remoteref) refs/heads/main refs/remotes/main [0ms]
2022-11-05 09:47:37.314 [info] > git rev-parse --show-toplevel [1ms]
2022-11-05 09:47:37.320 [info] > git rev-parse --git-dir --git-common-dir [1ms]
2022-11-05 09:47:37.325 [info] Log level: Info
2022-11-05 09:47:37.325 [info] Open repository: /home/patrick_rubayita
2022-11-05 09:47:37.343 [info] > git remote --verbose [9ms]
2022-11-05 09:47:37.343 [info] > git for-each-ref --sort -committerdate --format %(refname) %(objectname) %(*objectname) [14ms]
2022-11-05 09:47:37.343 [info] > git config --get commit.template [1ms]
2022-11-05 09:47:37.350 [info] > git for-each-ref --format=%(refname)%00%(upstream:short)%00%(objectname)%00%(upstream:track)%00%(upstream:remotename)%00%(upstream:remoteref) refs/heads/master refs/remotes/master [0ms]
2022-11-05 09:47:37.430 [info] > git status -z -uall [93ms] (cancelled)
2022-11-05 09:47:38.288 [info] > git check-ignore -v -z --stdin [5ms]
2022-11-05 09:47:38.288 [info] > git check-ignore -v -z --stdin [1ms]
2022-11-05 09:47:43.459 [info] > git check-ignore -v -z --stdin [1ms]
2022-11-05 09:47:44.551 [info] > git check-ignore -v -z --stdin [1ms]
2022-11-05 09:47:46.549 [info] > git check-ignore -v -z --stdin [2ms]
2022-11-05 09:47:50.714 [info] > git check-ignore -v -z --stdin [1ms]
2022-11-05 09:47:55.855 [info] > git check-ignore -v -z --stdin [0ms]
2022-11-05 09:47:58.020 [info] > git check-ignore -v -z --stdin [1ms]
2022-11-05 09:48:00.076 [info] > git check-ignore -v -z --stdin [1ms]
2022-11-05 09:52:09.201 [info] > git check-ignore -v -z --stdin [0ms]
2022-11-05 09:54:44.839 [info] > git check-ignore -v -z --stdin [1ms]
2022-11-05 10:04:09.305 [info] > git check-ignore -v -z --stdin [1ms]
2022-11-05 10:09:40.058 [info] > git checkout -q -b patrick --no-track HEAD [2ms]
2022-11-05 10:09:40.079 [info] > git remote --verbose [11ms]
2022-11-05 10:09:40.079 [info] > git for-each-ref --sort -committerdate --format %(refname) %(objectname) %(*objectname) [16ms]
2022-11-05 10:09:40.080 [info] > git config --get commit.template [2ms]
2022-11-05 10:09:40.086 [info] > git for-each-ref --format=%(refname)%00%(upstream:short)%00%(objectname)%00%(upstream:track)%00%(upstream:remotename)%00%(upstream:remoteref) refs/heads/patrick refs/remotes/patrick [1ms]
2022-11-05 10:09:40.156 [info] > git status -z -uall [83ms] (cancelled)
2022-11-05 10:10:35.615 [info] > git check-ignore -v -z --stdin [1ms]
2022-11-05 10:10:41.416 [info] > git check-ignore -v -z --stdin [1ms]
2022-11-05 10:10:42.135 [info] > git check-ignore -v -z --stdin [1ms]
2022-11-05 10:11:06.264 [info] > git log --oneline --cherry main...main@{upstream} -- [4ms]
2022-11-05 10:11:06.577 [info] > git pull --tags origin main [307ms]
2022-11-05 10:11:06.577 [info] From https://github.com/benkart-week-11/creative-optimisation-cv
 * branch            main       -> FETCH_HEAD
   053ac55..59ba89b  main       -> origin/main
error: Your local changes to the following files would be overwritten by merge:
	notebooks/DataExtractor.ipynb
Please commit your changes or stash them before you merge.
Aborting
2022-11-05 10:11:11.841 [info] > git status -z -uall [6ms]
2022-11-05 10:11:11.841 [info] > git remote --verbose [11ms]
2022-11-05 10:11:11.842 [info] > git for-each-ref --sort -committerdate --format %(refname) %(objectname) %(*objectname) [16ms]
2022-11-05 10:11:11.842 [info] > git config --get commit.template [2ms]
2022-11-05 10:11:11.850 [info] > git for-each-ref --format=%(refname)%00%(upstream:short)%00%(objectname)%00%(upstream:track)%00%(upstream:remotename)%00%(upstream:remoteref) refs/heads/main refs/remotes/main [1ms]
2022-11-05 10:11:18.230 [info] > git log --oneline --cherry main...main@{upstream} -- [2ms]
2022-11-05 10:11:18.325 [info] > git pull --tags origin main [89ms]
2022-11-05 10:11:18.325 [info] From https://github.com/benkart-week-11/creative-optimisation-cv
 * branch            main       -> FETCH_HEAD
error: Your local changes to the following files would be overwritten by merge:
	notebooks/DataExtractor.ipynb
Please commit your changes or stash them before you merge.
Aborting
2022-11-05 10:11:28.943 [info] > git status -z -uall [7ms]
2022-11-05 10:11:28.943 [info] > git remote --verbose [12ms]
2022-11-05 10:11:28.944 [info] > git for-each-ref --sort -committerdate --format %(refname) %(objectname) %(*objectname) [19ms]
2022-11-05 10:11:28.945 [info] > git config --get commit.template [2ms]
2022-11-05 10:11:28.954 [info] > git for-each-ref --format=%(refname)%00%(upstream:short)%00%(objectname)%00%(upstream:track)%00%(upstream:remotename)%00%(upstream:remoteref) refs/heads/main refs/remotes/main [1ms]
2022-11-05 10:14:30.168 [info] > git add -A -- /home/patrick_rubayita/creative-optimisation-cv/notebooks/dmnt.ipynb [3ms]
2022-11-05 10:14:30.190 [info] > git status -z -uall [6ms]
2022-11-05 10:14:30.191 [info] > git remote --verbose [11ms]
2022-11-05 10:14:30.191 [info] > git for-each-ref --sort -committerdate --format %(refname) %(objectname) %(*objectname) [17ms]
2022-11-05 10:14:30.191 [info] > git config --get commit.template [2ms]
2022-11-05 10:14:30.198 [info] > git for-each-ref --format=%(refname)%00%(upstream:short)%00%(objectname)%00%(upstream:track)%00%(upstream:remotename)%00%(upstream:remoteref) refs/heads/main refs/remotes/main [1ms]
2022-11-05 10:14:31.899 [info] > git status -z -uall [6ms]
2022-11-05 10:14:31.900 [info] > git remote --verbose [11ms]
2022-11-05 10:14:31.900 [info] > git for-each-ref --sort -committerdate --format %(refname) %(objectname) %(*objectname) [16ms]
2022-11-05 10:14:31.900 [info] > git config --get commit.template [1ms]
2022-11-05 10:14:31.907 [info] > git for-each-ref --format=%(refname)%00%(upstream:short)%00%(objectname)%00%(upstream:track)%00%(upstream:remotename)%00%(upstream:remoteref) refs/heads/main refs/remotes/main [2ms]
2022-11-05 10:15:54.492 [info] > git check-ignore -v -z --stdin [1ms]
2022-11-05 10:15:54.533 [info] > git show --textconv :.git/COMMIT_EDITMSG [6ms]
2022-11-05 10:15:54.534 [info] > git ls-files --stage -- /home/patrick_rubayita/creative-optimisation-cv/.git/COMMIT_EDITMSG [1ms]
