2022-11-04 17:02:25.021 [info] Validating found git in: git
2022-11-04 17:02:25.021 [info] Using git 2.25.1 from git
2022-11-04 17:02:25.021 [info] > git rev-parse --show-toplevel [3ms]
2022-11-04 17:02:25.021 [info] fatal: not a git repository (or any of the parent directories): .git
2022-11-04 17:02:25.021 [info] > git rev-parse --show-toplevel [1ms]
2022-11-04 17:02:25.021 [info] fatal: not a git repository (or any of the parent directories): .git
2022-11-04 17:02:25.021 [info] > git rev-parse --show-toplevel [1ms]
2022-11-04 17:02:25.021 [info] fatal: not a git repository (or any of the parent directories): .git
2022-11-04 17:02:25.021 [info] > git rev-parse --show-toplevel [1ms]
2022-11-04 17:02:25.021 [info] fatal: not a git repository (or any of the parent directories): .git
2022-11-04 17:02:25.021 [info] > git rev-parse --show-toplevel [1ms]
2022-11-04 17:02:25.021 [info] fatal: not a git repository (or any of the parent directories): .git
2022-11-04 17:02:25.021 [info] > git rev-parse --show-toplevel [0ms]
2022-11-04 17:02:25.021 [info] fatal: not a git repository (or any of the parent directories): .git
2022-11-04 17:02:25.021 [info] > git rev-parse --show-toplevel [0ms]
2022-11-04 17:02:25.021 [info] fatal: not a git repository (or any of the parent directories): .git
2022-11-04 17:02:25.021 [info] > git rev-parse --show-toplevel [1ms]
2022-11-04 17:02:25.021 [info] fatal: not a git repository (or any of the parent directories): .git
2022-11-04 17:02:25.021 [info] > git rev-parse --show-toplevel [2ms]
2022-11-04 17:02:25.021 [info] > git rev-parse --git-dir --git-common-dir [1ms]
2022-11-04 17:02:25.021 [info] Log level: Info
2022-11-04 17:02:25.021 [info] Open repository: /home/patrick_rubayita/creative-optimisation-cv
2022-11-04 17:02:25.021 [info] > git remote --verbose [11ms]
2022-11-04 17:02:25.021 [info] > git for-each-ref --sort -committerdate --format %(refname) %(objectname) %(*objectname) [14ms]
2022-11-04 17:02:25.021 [info] > git config --get commit.template [6ms]
2022-11-04 17:02:25.021 [info] > git status -z -uall [11ms]
2022-11-04 17:02:25.021 [info] > git for-each-ref --format=%(refname)%00%(upstream:short)%00%(objectname)%00%(upstream:track)%00%(upstream:remotename)%00%(upstream:remoteref) refs/heads/main refs/remotes/main [2ms]
2022-11-04 17:02:25.021 [info] > git status -z -uall [8ms]
2022-11-04 17:02:25.021 [info] > git remote --verbose [11ms]
2022-11-04 17:02:25.021 [info] > git for-each-ref --sort -committerdate --format %(refname) %(objectname) %(*objectname) [14ms]
2022-11-04 17:02:25.021 [info] > git config --get commit.template [7ms]
2022-11-04 17:02:25.021 [info] > git for-each-ref --format=%(refname)%00%(upstream:short)%00%(objectname)%00%(upstream:track)%00%(upstream:remotename)%00%(upstream:remoteref) refs/heads/main refs/remotes/main [1ms]
2022-11-04 17:02:25.021 [info] > git check-ignore -v -z --stdin [1ms]
2022-11-04 17:02:25.662 [info] > git rev-parse --show-toplevel [1ms]
2022-11-04 17:02:25.662 [info] fatal: not a git repository (or any of the parent directories): .git
2022-11-04 17:02:25.706 [info] > git rev-parse --show-toplevel [1ms]
2022-11-04 17:02:25.706 [info] fatal: not a git repository (or any of the parent directories): .git
2022-11-04 17:02:26.027 [info] > git rev-parse --show-toplevel [1ms]
2022-11-04 17:02:26.027 [info] fatal: not a git repository (or any of the parent directories): .git
2022-11-04 17:02:52.713 [info] > git check-ignore -v -z --stdin [3ms]
2022-11-04 17:02:52.787 [info] > git status -z -uall [7ms]
2022-11-04 17:02:52.789 [info] > git remote --verbose [12ms]
2022-11-04 17:02:52.789 [info] > git for-each-ref --sort -committerdate --format %(refname) %(objectname) %(*objectname) [19ms]
2022-11-04 17:02:52.791 [info] > git config --get commit.template [3ms]
2022-11-04 17:02:52.800 [info] > git for-each-ref --format=%(refname)%00%(upstream:short)%00%(objectname)%00%(upstream:track)%00%(upstream:remotename)%00%(upstream:remoteref) refs/heads/main refs/remotes/main [1ms]
2022-11-04 17:03:16.769 [info] > git status -z -uall [8ms]
2022-11-04 17:03:16.770 [info] > git remote --verbose [19ms]
2022-11-04 17:03:16.771 [info] > git for-each-ref --sort -committerdate --format %(refname) %(objectname) %(*objectname) [26ms]
2022-11-04 17:03:16.783 [info] > git config --get commit.template [14ms]
2022-11-04 17:03:16.785 [info] > git for-each-ref --format=%(refname)%00%(upstream:short)%00%(objectname)%00%(upstream:track)%00%(upstream:remotename)%00%(upstream:remoteref) refs/heads/main refs/remotes/main [4ms]
2022-11-04 17:03:18.856 [info] > git check-ignore -v -z --stdin [0ms]
2022-11-04 17:03:36.888 [info] > git status -z -uall [5ms]
2022-11-04 17:03:36.888 [info] > git remote --verbose [9ms]
2022-11-04 17:03:36.889 [info] > git for-each-ref --sort -committerdate --format %(refname) %(objectname) %(*objectname) [13ms]
2022-11-04 17:03:36.890 [info] > git config --get commit.template [2ms]
2022-11-04 17:03:36.896 [info] > git for-each-ref --format=%(refname)%00%(upstream:short)%00%(objectname)%00%(upstream:track)%00%(upstream:remotename)%00%(upstream:remoteref) refs/heads/main refs/remotes/main [1ms]
