Visual Studio Code (1.73.0, ssh-remote, desktop)
Jupyter Extension Version: 2022.9.1202862440.
Python Extension Version: 2022.18.1.
Workspace folder /home/patrick_rubayita
info 17:10:18.582: ZMQ install verified.
User belongs to experiment group 'jupyterTestcf'
User belongs to experiment group 'jupyterEnhancedDataViewer'
info 17:10:18.933: LSP Notebooks experiment is disabled -- not in treatment group
info 17:10:20.735: Preferred Remote kernel for /home/patrick_rubayita/creative-optimisation-cv/notebooks/DataExtractor.ipynb is undefined
info 17:10:21.204: Starting Jupyter Session startUsingPythonInterpreter, .jvsc74a57bd0916dbcbb3f70747c44a77c7bcd40155683ae19c65e1c03b4aa3499c5328201f1./bin/python3./bin/python3.-m#ipykernel_launcher (Python Path: , EnvType: Global, EnvName: '', Version: 3.10.6) for '/home/patrick_rubayita/creative-optimisation-cv/notebooks/DataExtractor.ipynb' (disableUI=true)
info 17:10:21.204: Computing working directory for resource '/home/patrick_rubayita/creative-optimisation-cv/notebooks/DataExtractor.ipynb'
info 17:10:21.211: Preferred Remote kernel for /home/patrick_rubayita/creative-optimisation-cv/notebooks/DataExtractor.ipynb is undefined
info 17:10:21.212: Find preferred kernel for /home/patrick_rubayita/creative-optimisation-cv/notebooks/DataExtractor.ipynb with metadata {"kernelspec":{"display_name":"Python 3.8.10 64-bit","language":"python","name":"python3"},"language_info":{"codemirror_mode":{"name":"ipython","version":3},"file_extension":".py","mimetype":"text/x-python","name":"python","nbconvert_exporter":"python","pygments_lexer":"ipython3","version":"3.8.10"},"orig_nbformat":4,"vscode":{"interpreter":{"hash":"916dbcbb3f70747c44a77c7bcd40155683ae19c65e1c03b4aa3499c5328201f1"}}} & preferred interpreter /bin/python3
info 17:10:21.236: Preferred Remote kernel for /home/patrick_rubayita/creative-optimisation-cv/notebooks/DataExtractor.ipynb is undefined
info 17:10:21.236: Preferred kernel .jvsc74a57bd0916dbcbb3f70747c44a77c7bcd40155683ae19c65e1c03b4aa3499c5328201f1./bin/python3./bin/python3.-m#ipykernel_launcher is exact match or top match for non python kernels, (false, [object Object], true, false)
info 17:10:21.236: PreferredConnection: .jvsc74a57bd0916dbcbb3f70747c44a77c7bcd40155683ae19c65e1c03b4aa3499c5328201f1./bin/python3./bin/python3.-m#ipykernel_launcher found for NotebookDocument: /home/patrick_rubayita/creative-optimisation-cv/notebooks/DataExtractor.ipynb
info 17:10:21.548: Registering dummy command feature
info 17:10:23.798: Got empty env vars with python /bin/python3 in 2598ms
info 17:10:23.799: Got env vars ourselves faster /bin/python3 with env var count 52 in 2599ms
info 17:10:23.799: Got env vars ourselves faster /bin/python3 with env var count 52 in 2561ms
info 17:10:23.799: Got env vars ourselves faster /bin/python3 with env var count 52 in 2549ms
info 17:10:23.799: Got env vars ourselves faster /bin/python3 with env var count 52 in 2549ms
info 17:10:23.817: Process Execution: > /bin/python3 -m pip list
> /bin/python3 -m pip list
info 17:10:23.836: Process Execution: > /bin/python3 -c "import ipykernel; print(ipykernel.__version__); print("5dc3a68c-e34e-4080-9c3e-2a532b2ccb4d"); print(ipykernel.__file__)"
> /bin/python3 -c "import ipykernel; print(ipykernel.__version__); print("5dc3a68c-e34e-4080-9c3e-2a532b2ccb4d"); print(ipykernel.__file__)"
info 17:10:23.857: Process Execution: > /bin/python3 -m ipykernel_launcher --ip=127.0.0.1 --stdin=9013 --control=9011 --hb=9010 --Session.signature_scheme="hmac-sha256" --Session.key=b"d2d64158-cd0c-43c7-a1ba-66095f2771ee" --shell=9012 --transport="tcp" --iopub=9014 --f=/home/patrick_rubayita/.local/share/jupyter/runtime/kernel-v2-215567l082K5pPKm1I.json
> /bin/python3 -m ipykernel_launcher --ip=127.0.0.1 --stdin=9013 --control=9011 --hb=9010 --Session.signature_scheme="hmac-sha256" --Session.key=b"d2d64158-cd0c-43c7-a1ba-66095f2771ee" --shell=9012 --transport="tcp" --iopub=9014 --f=/home/patrick_rubayita/.local/share/jupyter/runtime/kernel-v2-215567l082K5pPKm1I.json
info 17:10:23.857: Process Execution: cwd: ~/creative-optimisation-cv/notebooks
cwd: ~/creative-optimisation-cv/notebooks
info 17:10:23.874: Got empty env vars with python /bin/python3 in 2636ms
info 17:10:23.875: Got empty env vars with python /bin/python3 in 2625ms
info 17:10:23.876: Got empty env vars with python /bin/python3 in 2626ms
info 17:10:24.077: ipykernel version & path 6.17.0, ~/.local/lib/python3.8/site-packages/ipykernel/__init__.py for /bin/python3
warn 17:10:24.487: StdErr from Kernel Process /home/patrick_rubayita/.local/lib/python3.8/site-packages/traitlets/traitlets.py:2412: FutureWarning: Supporting extra quotes around strings is deprecated in traitlets 5.0. You can use 'hmac-sha256' instead of '"hmac-sha256"' if you require traitlets >=5.
  warn(

warn 17:10:24.488: StdErr from Kernel Process /home/patrick_rubayita/.local/lib/python3.8/site-packages/traitlets/traitlets.py:2366: FutureWarning: Supporting extra quotes around Bytes is deprecated in traitlets 5.0. Use 'd2d64158-cd0c-43c7-a1ba-66095f2771ee' instead of 'b"d2d64158-cd0c-43c7-a1ba-66095f2771ee"'.
  warn(

info 17:10:24.498: Kernel Output: To connect another client to this kernel, use: --existing kernel-v2-215567l082K5pPKm1I.json

info 17:10:24.725: Started Kernel Python 3.10.6 64-bit (pid: 215815)
info 17:10:24.729: UpdateWorkingDirectoryAndPath in Kernel
info 17:10:24.906: Got env vars ourselves faster /bin/python3 with env var count 52 in 1ms
info 17:10:24.927: Process Execution: > /bin/python3 ~/.vscode-server/extensions/ms-toolsai.jupyter-2022.9.1202862440/pythonFiles/printJupyterDataDir.py
> /bin/python3 ~/.vscode-server/extensions/ms-toolsai.jupyter-2022.9.1202862440/pythonFiles/printJupyterDataDir.py
info 17:10:26.259: Got empty env vars with python /bin/python3 in 1354ms
info 17:13:44.196: Cancel all remaining cells true || Error || undefined
info 17:14:38.016: Interrupt requested /home/patrick_rubayita/creative-optimisation-cv/notebooks/DataExtractor.ipynb
info 17:14:38.017: Interrupt requested & sent for /home/patrick_rubayita/creative-optimisation-cv/notebooks/DataExtractor.ipynb in notebookEditor.
info 17:14:38.017: Interrupt kernel execution
info 17:14:38.017: Interrupt kernel execution
info 17:14:38.017: Interrupting kernel: python3106jvsc74a57bd0916dbcbb3f70747c44a77c7bcd40155683ae19c65e1c03b4aa3499c5328201f1
info 17:14:38.017: Interrupting kernel via SIGINT
info 17:14:38.635: Cancel all remaining cells true || Error || undefined
info 19:11:11.773: Shutting down notebooks for f72d890e-8e66-4b0f-90df-cf097ac0a60b
info 19:11:11.773: Disposing HostJupyterExecution 048336b3-d8b8-49b2-adf5-1faa093e890a
info 19:11:11.773: Disposing super HostJupyterExecution 048336b3-d8b8-49b2-adf5-1faa093e890a
info 19:11:11.773: Dispose Kernel '/home/patrick_rubayita/creative-optimisation-cv/notebooks/DataExtractor.ipynb' associated with '/home/patrick_rubayita/creative-optimisation-cv/notebooks/DataExtractor.ipynb'
info 19:11:11.775: Dispose Kernel process 215815.
info 19:11:11.783: Disposing HostJupyterExecution 048336b3-d8b8-49b2-adf5-1faa093e890a
info 19:11:11.783: Finished disposing HostJupyterExecution  048336b3-d8b8-49b2-adf5-1faa093e890a
info 19:11:11.788: Cleaning up server cache 048336b3-d8b8-49b2-adf5-1faa093e890a
info 19:11:11.789: Finished disposing HostJupyterExecution  048336b3-d8b8-49b2-adf5-1faa093e890a
