[Info  - 5:10:21 PM] (215778) Pylance language server 2022.11.10 (pyright 4e50162d) starting
[Info  - 5:10:21 PM] (215778) Server root directory: /home/patrick_rubayita/.vscode-server/extensions/ms-python.vscode-pylance-2022.11.10/dist
[Info  - 5:10:21 PM] (215778) Starting service instance "patrick_rubayita"
[Info  - 5:10:21 PM] (215778) Notebook support: Legacy
[Info  - 5:10:21 PM] (215778) Interactive window support: Legacy
[Info  - 5:10:21 PM] (215778) No configuration file found.
[Info  - 5:10:21 PM] (215778) No pyproject.toml file found.
[Info  - 5:10:21 PM] (215778) Setting pythonPath for service "patrick_rubayita": "/bin/python3"
[Warn  - 5:10:21 PM] (215778) stubPath /home/patrick_rubayita/typings is not a valid directory.
[Info  - 5:10:21 PM] (215778) Assuming Python version 3.8
[Info  - 5:10:21 PM] (215778) Assuming Python platform Linux
[Info  - 5:10:21 PM] (215778) Searching for source files
[Info  - 5:10:21 PM] (215778) Found 3 source files
[Info  - 5:10:21 PM] (215778) Background analysis(1) root directory: /home/patrick_rubayita/.vscode-server/extensions/ms-python.vscode-pylance-2022.11.10/dist
[Info  - 5:10:21 PM] (215778) Background analysis(1) started
[Info  - 5:10:22 PM] (215778) Indexer background runner(2) root directory: /home/patrick_rubayita/.vscode-server/extensions/ms-python.vscode-pylance-2022.11.10/dist (index)
[Info  - 5:10:22 PM] (215778) Indexing(2) started
[Info  - 5:10:24 PM] (215778) [BG(1)] Long operation: checking: /home/patrick_rubayita/creative-optimisation-cv/notebooks/_NotebookConcat_9fda13ef25fe.py (2518ms)
[Info  - 5:10:24 PM] (215778) [BG(1)] Long operation: analyzing: /home/patrick_rubayita/creative-optimisation-cv/notebooks/_NotebookConcat_9fda13ef25fe.py (2804ms)
[Info  - 5:10:25 PM] (215778) [IDX(2)] Long operation: index execution environment /home/patrick_rubayita (2418ms)
[Info  - 5:10:25 PM] (215778) [IDX(2)] Long operation: index libraries /home/patrick_rubayita (2866ms)
[Info  - 5:10:25 PM] (215778) Indexer done(2). indexed 501 files
