2022-11-04 16:32:55.455 [info] Extension host with pid 179409 started
2022-11-04 16:32:55.465 [info] Lock '/home/patrick_rubayita/.vscode-server/data/User/workspaceStorage/436363c3b68b43d7cbee73aa1c365e8f/vscode.lock': Lock acquired.
2022-11-04 16:32:55.858 [info] ExtensionService#_doActivateExtension vscode.ipynb, startup: false, activationEvent: 'onNotebook:jupyter-notebook}'
2022-11-04 16:32:55.859 [info] ExtensionService#_doActivateExtension vscode.git-base, startup: true, activationEvent: '*', root cause: vscode.git
2022-11-04 16:32:56.254 [info] ExtensionService#_doActivateExtension vscode.git, startup: true, activationEvent: '*'
2022-11-04 16:32:56.255 [info] ExtensionService#_doActivateExtension vscode.github, startup: true, activationEvent: '*'
2022-11-04 16:32:57.082 [info] ExtensionService#_doActivateExtension vscode.debug-auto-launch, startup: false, activationEvent: 'onStartupFinished'
2022-11-04 16:32:57.082 [info] ExtensionService#_doActivateExtension vscode.emmet, startup: false, activationEvent: 'onStartupFinished'
2022-11-04 16:32:57.083 [info] ExtensionService#_doActivateExtension vscode.merge-conflict, startup: false, activationEvent: 'onStartupFinished'
2022-11-04 16:32:57.083 [info] Eager extensions activated
2022-11-04 16:32:57.393 [info] ExtensionService#_doActivateExtension ms-toolsai.jupyter, startup: false, activationEvent: 'onNotebook:jupyter-notebook'
2022-11-04 16:32:57.393 [info] ExtensionService#_doActivateExtension ms-toolsai.vscode-jupyter-cell-tags, startup: false, activationEvent: 'onNotebook:jupyter-notebook'
2022-11-04 16:32:57.394 [info] ExtensionService#_doActivateExtension ms-toolsai.vscode-jupyter-slideshow, startup: false, activationEvent: 'onNotebook:jupyter-notebook'
2022-11-04 16:32:57.394 [info] ExtensionService#_doActivateExtension ms-toolsai.jupyter-renderers, startup: false, activationEvent: 'onNotebook:*'
2022-11-04 16:32:58.361 [info] ExtensionService#_doActivateExtension ms-python.python, startup: false, activationEvent: 'api', root cause: ms-toolsai.jupyter
2022-11-04 16:32:59.887 [info] ExtensionService#_doActivateExtension ms-python.isort, startup: false, activationEvent: 'onLanguage:python'
2022-11-04 16:32:59.887 [info] ExtensionService#_doActivateExtension ms-python.vscode-pylance, startup: false, activationEvent: 'onLanguage:python'
2022-11-04 16:33:01.490 [error] [ms-python.isort] provider FAILED
2022-11-04 16:33:01.490 [error] TypeError: Cannot read properties of null (reading 'map')
	at g (/home/patrick_rubayita/.vscode-server/extensions/ms-python.isort-2022.4.0/dist/extension.js:1:214870)
	at Object.asCodeAction (/home/patrick_rubayita/.vscode-server/extensions/ms-python.isort-2022.4.0/dist/extension.js:1:225810)
	at /home/patrick_rubayita/.vscode-server/extensions/ms-python.isort-2022.4.0/dist/extension.js:1:154524
	at async x.provideCodeActions (/home/patrick_rubayita/.vscode-server/bin/8fa188b2b301d36553cbc9ce1b0a146ccb93351f/out/vs/workbench/api/node/extensionHostProcess.js:94:43007)
2022-11-04 16:33:01.490 [error] [ms-python.isort] provider FAILED
2022-11-04 16:33:01.491 [error] TypeError: Cannot read properties of null (reading 'map')
	at g (/home/patrick_rubayita/.vscode-server/extensions/ms-python.isort-2022.4.0/dist/extension.js:1:214870)
	at Object.asCodeAction (/home/patrick_rubayita/.vscode-server/extensions/ms-python.isort-2022.4.0/dist/extension.js:1:225810)
	at /home/patrick_rubayita/.vscode-server/extensions/ms-python.isort-2022.4.0/dist/extension.js:1:154524
	at async x.provideCodeActions (/home/patrick_rubayita/.vscode-server/bin/8fa188b2b301d36553cbc9ce1b0a146ccb93351f/out/vs/workbench/api/node/extensionHostProcess.js:94:43007)
2022-11-04 16:33:01.497 [error] [ms-python.isort] provider FAILED
2022-11-04 16:33:01.498 [error] TypeError: Cannot read properties of null (reading 'map')
	at g (/home/patrick_rubayita/.vscode-server/extensions/ms-python.isort-2022.4.0/dist/extension.js:1:214870)
	at Object.asCodeAction (/home/patrick_rubayita/.vscode-server/extensions/ms-python.isort-2022.4.0/dist/extension.js:1:225810)
	at /home/patrick_rubayita/.vscode-server/extensions/ms-python.isort-2022.4.0/dist/extension.js:1:154524
	at async x.provideCodeActions (/home/patrick_rubayita/.vscode-server/bin/8fa188b2b301d36553cbc9ce1b0a146ccb93351f/out/vs/workbench/api/node/extensionHostProcess.js:94:43007)
2022-11-04 16:33:02.708 [error] [ms-python.isort] provider FAILED
2022-11-04 16:33:02.708 [error] TypeError: Cannot read properties of null (reading 'map')
	at g (/home/patrick_rubayita/.vscode-server/extensions/ms-python.isort-2022.4.0/dist/extension.js:1:214870)
	at Object.asCodeAction (/home/patrick_rubayita/.vscode-server/extensions/ms-python.isort-2022.4.0/dist/extension.js:1:225810)
	at /home/patrick_rubayita/.vscode-server/extensions/ms-python.isort-2022.4.0/dist/extension.js:1:154524
	at async x.provideCodeActions (/home/patrick_rubayita/.vscode-server/bin/8fa188b2b301d36553cbc9ce1b0a146ccb93351f/out/vs/workbench/api/node/extensionHostProcess.js:94:43007)
2022-11-04 16:33:03.265 [error] [ms-python.isort] provider FAILED
2022-11-04 16:33:03.266 [error] TypeError: Cannot read properties of null (reading 'map')
	at g (/home/patrick_rubayita/.vscode-server/extensions/ms-python.isort-2022.4.0/dist/extension.js:1:214870)
	at Object.asCodeAction (/home/patrick_rubayita/.vscode-server/extensions/ms-python.isort-2022.4.0/dist/extension.js:1:225810)
	at /home/patrick_rubayita/.vscode-server/extensions/ms-python.isort-2022.4.0/dist/extension.js:1:154524
	at async x.provideCodeActions (/home/patrick_rubayita/.vscode-server/bin/8fa188b2b301d36553cbc9ce1b0a146ccb93351f/out/vs/workbench/api/node/extensionHostProcess.js:94:43007)
2022-11-04 16:33:03.266 [error] [ms-python.isort] provider FAILED
2022-11-04 16:33:03.266 [error] TypeError: Cannot read properties of null (reading 'map')
	at g (/home/patrick_rubayita/.vscode-server/extensions/ms-python.isort-2022.4.0/dist/extension.js:1:214870)
	at Object.asCodeAction (/home/patrick_rubayita/.vscode-server/extensions/ms-python.isort-2022.4.0/dist/extension.js:1:225810)
	at /home/patrick_rubayita/.vscode-server/extensions/ms-python.isort-2022.4.0/dist/extension.js:1:154524
	at runNextTicks (node:internal/process/task_queues:61:5)
	at processImmediate (node:internal/timers:437:9)
	at async x.provideCodeActions (/home/patrick_rubayita/.vscode-server/bin/8fa188b2b301d36553cbc9ce1b0a146ccb93351f/out/vs/workbench/api/node/extensionHostProcess.js:94:43007)
2022-11-04 16:33:03.267 [error] [ms-python.isort] provider FAILED
2022-11-04 16:33:03.267 [error] TypeError: Cannot read properties of null (reading 'map')
	at g (/home/patrick_rubayita/.vscode-server/extensions/ms-python.isort-2022.4.0/dist/extension.js:1:214870)
	at Object.asCodeAction (/home/patrick_rubayita/.vscode-server/extensions/ms-python.isort-2022.4.0/dist/extension.js:1:225810)
	at /home/patrick_rubayita/.vscode-server/extensions/ms-python.isort-2022.4.0/dist/extension.js:1:154524
	at runNextTicks (node:internal/process/task_queues:61:5)
	at processImmediate (node:internal/timers:437:9)
	at async x.provideCodeActions (/home/patrick_rubayita/.vscode-server/bin/8fa188b2b301d36553cbc9ce1b0a146ccb93351f/out/vs/workbench/api/node/extensionHostProcess.js:94:43007)
2022-11-04 16:33:03.775 [error] [ms-python.isort] provider FAILED
2022-11-04 16:33:03.775 [error] TypeError: Cannot read properties of null (reading 'map')
	at g (/home/patrick_rubayita/.vscode-server/extensions/ms-python.isort-2022.4.0/dist/extension.js:1:214870)
	at Object.asCodeAction (/home/patrick_rubayita/.vscode-server/extensions/ms-python.isort-2022.4.0/dist/extension.js:1:225810)
	at /home/patrick_rubayita/.vscode-server/extensions/ms-python.isort-2022.4.0/dist/extension.js:1:154524
	at async x.provideCodeActions (/home/patrick_rubayita/.vscode-server/bin/8fa188b2b301d36553cbc9ce1b0a146ccb93351f/out/vs/workbench/api/node/extensionHostProcess.js:94:43007)
2022-11-04 16:33:05.133 [error] [ms-python.isort] provider FAILED
2022-11-04 16:33:05.133 [error] TypeError: Cannot read properties of null (reading 'map')
	at g (/home/patrick_rubayita/.vscode-server/extensions/ms-python.isort-2022.4.0/dist/extension.js:1:214870)
	at Object.asCodeAction (/home/patrick_rubayita/.vscode-server/extensions/ms-python.isort-2022.4.0/dist/extension.js:1:225810)
	at /home/patrick_rubayita/.vscode-server/extensions/ms-python.isort-2022.4.0/dist/extension.js:1:154524
	at async x.provideCodeActions (/home/patrick_rubayita/.vscode-server/bin/8fa188b2b301d36553cbc9ce1b0a146ccb93351f/out/vs/workbench/api/node/extensionHostProcess.js:94:43007)
2022-11-04 16:33:44.663 [error] [ms-python.isort] provider FAILED
2022-11-04 16:33:44.664 [error] TypeError: Cannot read properties of null (reading 'map')
	at g (/home/patrick_rubayita/.vscode-server/extensions/ms-python.isort-2022.4.0/dist/extension.js:1:214870)
	at Object.asCodeAction (/home/patrick_rubayita/.vscode-server/extensions/ms-python.isort-2022.4.0/dist/extension.js:1:225810)
	at /home/patrick_rubayita/.vscode-server/extensions/ms-python.isort-2022.4.0/dist/extension.js:1:154524
	at async x.provideCodeActions (/home/patrick_rubayita/.vscode-server/bin/8fa188b2b301d36553cbc9ce1b0a146ccb93351f/out/vs/workbench/api/node/extensionHostProcess.js:94:43007)
2022-11-04 16:33:46.256 [error] [ms-python.isort] provider FAILED
2022-11-04 16:33:46.256 [error] TypeError: Cannot read properties of null (reading 'map')
	at g (/home/patrick_rubayita/.vscode-server/extensions/ms-python.isort-2022.4.0/dist/extension.js:1:214870)
	at Object.asCodeAction (/home/patrick_rubayita/.vscode-server/extensions/ms-python.isort-2022.4.0/dist/extension.js:1:225810)
	at /home/patrick_rubayita/.vscode-server/extensions/ms-python.isort-2022.4.0/dist/extension.js:1:154524
	at async x.provideCodeActions (/home/patrick_rubayita/.vscode-server/bin/8fa188b2b301d36553cbc9ce1b0a146ccb93351f/out/vs/workbench/api/node/extensionHostProcess.js:94:43007)
2022-11-04 16:33:47.031 [error] [ms-python.isort] provider FAILED
2022-11-04 16:33:47.031 [error] TypeError: Cannot read properties of null (reading 'map')
	at g (/home/patrick_rubayita/.vscode-server/extensions/ms-python.isort-2022.4.0/dist/extension.js:1:214870)
	at Object.asCodeAction (/home/patrick_rubayita/.vscode-server/extensions/ms-python.isort-2022.4.0/dist/extension.js:1:225810)
	at /home/patrick_rubayita/.vscode-server/extensions/ms-python.isort-2022.4.0/dist/extension.js:1:154524
	at async x.provideCodeActions (/home/patrick_rubayita/.vscode-server/bin/8fa188b2b301d36553cbc9ce1b0a146ccb93351f/out/vs/workbench/api/node/extensionHostProcess.js:94:43007)
2022-11-04 16:34:02.256 [error] [ms-python.isort] provider FAILED
2022-11-04 16:34:02.256 [error] TypeError: Cannot read properties of null (reading 'map')
	at g (/home/patrick_rubayita/.vscode-server/extensions/ms-python.isort-2022.4.0/dist/extension.js:1:214870)
	at Object.asCodeAction (/home/patrick_rubayita/.vscode-server/extensions/ms-python.isort-2022.4.0/dist/extension.js:1:225810)
	at /home/patrick_rubayita/.vscode-server/extensions/ms-python.isort-2022.4.0/dist/extension.js:1:154524
	at async x.provideCodeActions (/home/patrick_rubayita/.vscode-server/bin/8fa188b2b301d36553cbc9ce1b0a146ccb93351f/out/vs/workbench/api/node/extensionHostProcess.js:94:43007)
2022-11-04 16:34:02.596 [error] [ms-python.isort] provider FAILED
2022-11-04 16:34:02.596 [error] TypeError: Cannot read properties of null (reading 'map')
	at g (/home/patrick_rubayita/.vscode-server/extensions/ms-python.isort-2022.4.0/dist/extension.js:1:214870)
	at Object.asCodeAction (/home/patrick_rubayita/.vscode-server/extensions/ms-python.isort-2022.4.0/dist/extension.js:1:225810)
	at /home/patrick_rubayita/.vscode-server/extensions/ms-python.isort-2022.4.0/dist/extension.js:1:154524
	at async x.provideCodeActions (/home/patrick_rubayita/.vscode-server/bin/8fa188b2b301d36553cbc9ce1b0a146ccb93351f/out/vs/workbench/api/node/extensionHostProcess.js:94:43007)
2022-11-04 16:34:06.671 [error] [ms-python.isort] provider FAILED
2022-11-04 16:34:06.671 [error] TypeError: Cannot read properties of null (reading 'map')
	at g (/home/patrick_rubayita/.vscode-server/extensions/ms-python.isort-2022.4.0/dist/extension.js:1:214870)
	at Object.asCodeAction (/home/patrick_rubayita/.vscode-server/extensions/ms-python.isort-2022.4.0/dist/extension.js:1:225810)
	at /home/patrick_rubayita/.vscode-server/extensions/ms-python.isort-2022.4.0/dist/extension.js:1:154524
	at async x.provideCodeActions (/home/patrick_rubayita/.vscode-server/bin/8fa188b2b301d36553cbc9ce1b0a146ccb93351f/out/vs/workbench/api/node/extensionHostProcess.js:94:43007)
2022-11-04 16:34:08.131 [error] [ms-python.isort] provider FAILED
2022-11-04 16:34:08.131 [error] TypeError: Cannot read properties of null (reading 'map')
	at g (/home/patrick_rubayita/.vscode-server/extensions/ms-python.isort-2022.4.0/dist/extension.js:1:214870)
	at Object.asCodeAction (/home/patrick_rubayita/.vscode-server/extensions/ms-python.isort-2022.4.0/dist/extension.js:1:225810)
	at /home/patrick_rubayita/.vscode-server/extensions/ms-python.isort-2022.4.0/dist/extension.js:1:154524
	at async x.provideCodeActions (/home/patrick_rubayita/.vscode-server/bin/8fa188b2b301d36553cbc9ce1b0a146ccb93351f/out/vs/workbench/api/node/extensionHostProcess.js:94:43007)
2022-11-04 16:34:10.121 [error] [ms-python.isort] provider FAILED
2022-11-04 16:34:10.121 [error] TypeError: Cannot read properties of null (reading 'map')
	at g (/home/patrick_rubayita/.vscode-server/extensions/ms-python.isort-2022.4.0/dist/extension.js:1:214870)
	at Object.asCodeAction (/home/patrick_rubayita/.vscode-server/extensions/ms-python.isort-2022.4.0/dist/extension.js:1:225810)
	at /home/patrick_rubayita/.vscode-server/extensions/ms-python.isort-2022.4.0/dist/extension.js:1:154524
	at async x.provideCodeActions (/home/patrick_rubayita/.vscode-server/bin/8fa188b2b301d36553cbc9ce1b0a146ccb93351f/out/vs/workbench/api/node/extensionHostProcess.js:94:43007)
2022-11-04 16:34:10.779 [error] [ms-python.isort] provider FAILED
2022-11-04 16:34:10.779 [error] TypeError: Cannot read properties of null (reading 'map')
	at g (/home/patrick_rubayita/.vscode-server/extensions/ms-python.isort-2022.4.0/dist/extension.js:1:214870)
	at Object.asCodeAction (/home/patrick_rubayita/.vscode-server/extensions/ms-python.isort-2022.4.0/dist/extension.js:1:225810)
	at /home/patrick_rubayita/.vscode-server/extensions/ms-python.isort-2022.4.0/dist/extension.js:1:154524
	at async x.provideCodeActions (/home/patrick_rubayita/.vscode-server/bin/8fa188b2b301d36553cbc9ce1b0a146ccb93351f/out/vs/workbench/api/node/extensionHostProcess.js:94:43007)
2022-11-04 16:34:11.040 [error] [ms-python.isort] provider FAILED
2022-11-04 16:34:11.040 [error] TypeError: Cannot read properties of null (reading 'map')
	at g (/home/patrick_rubayita/.vscode-server/extensions/ms-python.isort-2022.4.0/dist/extension.js:1:214870)
	at Object.asCodeAction (/home/patrick_rubayita/.vscode-server/extensions/ms-python.isort-2022.4.0/dist/extension.js:1:225810)
	at /home/patrick_rubayita/.vscode-server/extensions/ms-python.isort-2022.4.0/dist/extension.js:1:154524
	at async x.provideCodeActions (/home/patrick_rubayita/.vscode-server/bin/8fa188b2b301d36553cbc9ce1b0a146ccb93351f/out/vs/workbench/api/node/extensionHostProcess.js:94:43007)
2022-11-04 16:34:49.667 [error] [ms-python.isort] provider FAILED
2022-11-04 16:34:49.667 [error] TypeError: Cannot read properties of null (reading 'map')
	at g (/home/patrick_rubayita/.vscode-server/extensions/ms-python.isort-2022.4.0/dist/extension.js:1:214870)
	at Object.asCodeAction (/home/patrick_rubayita/.vscode-server/extensions/ms-python.isort-2022.4.0/dist/extension.js:1:225810)
	at /home/patrick_rubayita/.vscode-server/extensions/ms-python.isort-2022.4.0/dist/extension.js:1:154524
	at async x.provideCodeActions (/home/patrick_rubayita/.vscode-server/bin/8fa188b2b301d36553cbc9ce1b0a146ccb93351f/out/vs/workbench/api/node/extensionHostProcess.js:94:43007)
2022-11-04 16:34:49.901 [error] [ms-python.isort] provider FAILED
2022-11-04 16:34:49.902 [error] TypeError: Cannot read properties of null (reading 'map')
	at g (/home/patrick_rubayita/.vscode-server/extensions/ms-python.isort-2022.4.0/dist/extension.js:1:214870)
	at Object.asCodeAction (/home/patrick_rubayita/.vscode-server/extensions/ms-python.isort-2022.4.0/dist/extension.js:1:225810)
	at /home/patrick_rubayita/.vscode-server/extensions/ms-python.isort-2022.4.0/dist/extension.js:1:154524
	at async x.provideCodeActions (/home/patrick_rubayita/.vscode-server/bin/8fa188b2b301d36553cbc9ce1b0a146ccb93351f/out/vs/workbench/api/node/extensionHostProcess.js:94:43007)
2022-11-04 16:34:50.702 [error] [ms-python.isort] provider FAILED
2022-11-04 16:34:50.702 [error] TypeError: Cannot read properties of null (reading 'map')
	at g (/home/patrick_rubayita/.vscode-server/extensions/ms-python.isort-2022.4.0/dist/extension.js:1:214870)
	at Object.asCodeAction (/home/patrick_rubayita/.vscode-server/extensions/ms-python.isort-2022.4.0/dist/extension.js:1:225810)
	at /home/patrick_rubayita/.vscode-server/extensions/ms-python.isort-2022.4.0/dist/extension.js:1:154524
	at async x.provideCodeActions (/home/patrick_rubayita/.vscode-server/bin/8fa188b2b301d36553cbc9ce1b0a146ccb93351f/out/vs/workbench/api/node/extensionHostProcess.js:94:43007)
2022-11-04 16:34:50.950 [error] [ms-python.isort] provider FAILED
2022-11-04 16:34:50.950 [error] TypeError: Cannot read properties of null (reading 'map')
	at g (/home/patrick_rubayita/.vscode-server/extensions/ms-python.isort-2022.4.0/dist/extension.js:1:214870)
	at Object.asCodeAction (/home/patrick_rubayita/.vscode-server/extensions/ms-python.isort-2022.4.0/dist/extension.js:1:225810)
	at /home/patrick_rubayita/.vscode-server/extensions/ms-python.isort-2022.4.0/dist/extension.js:1:154524
	at async x.provideCodeActions (/home/patrick_rubayita/.vscode-server/bin/8fa188b2b301d36553cbc9ce1b0a146ccb93351f/out/vs/workbench/api/node/extensionHostProcess.js:94:43007)
2022-11-04 16:36:10.390 [error] [ms-python.isort] provider FAILED
2022-11-04 16:36:10.390 [error] TypeError: Cannot read properties of null (reading 'map')
	at g (/home/patrick_rubayita/.vscode-server/extensions/ms-python.isort-2022.4.0/dist/extension.js:1:214870)
	at Object.asCodeAction (/home/patrick_rubayita/.vscode-server/extensions/ms-python.isort-2022.4.0/dist/extension.js:1:225810)
	at /home/patrick_rubayita/.vscode-server/extensions/ms-python.isort-2022.4.0/dist/extension.js:1:154524
	at async x.provideCodeActions (/home/patrick_rubayita/.vscode-server/bin/8fa188b2b301d36553cbc9ce1b0a146ccb93351f/out/vs/workbench/api/node/extensionHostProcess.js:94:43007)
2022-11-04 16:36:10.928 [error] [ms-python.isort] provider FAILED
2022-11-04 16:36:10.928 [error] TypeError: Cannot read properties of null (reading 'map')
	at g (/home/patrick_rubayita/.vscode-server/extensions/ms-python.isort-2022.4.0/dist/extension.js:1:214870)
	at Object.asCodeAction (/home/patrick_rubayita/.vscode-server/extensions/ms-python.isort-2022.4.0/dist/extension.js:1:225810)
	at /home/patrick_rubayita/.vscode-server/extensions/ms-python.isort-2022.4.0/dist/extension.js:1:154524
	at async x.provideCodeActions (/home/patrick_rubayita/.vscode-server/bin/8fa188b2b301d36553cbc9ce1b0a146ccb93351f/out/vs/workbench/api/node/extensionHostProcess.js:94:43007)
2022-11-04 16:36:11.720 [error] [ms-python.isort] provider FAILED
2022-11-04 16:36:11.720 [error] TypeError: Cannot read properties of null (reading 'map')
	at g (/home/patrick_rubayita/.vscode-server/extensions/ms-python.isort-2022.4.0/dist/extension.js:1:214870)
	at Object.asCodeAction (/home/patrick_rubayita/.vscode-server/extensions/ms-python.isort-2022.4.0/dist/extension.js:1:225810)
	at /home/patrick_rubayita/.vscode-server/extensions/ms-python.isort-2022.4.0/dist/extension.js:1:154524
	at async x.provideCodeActions (/home/patrick_rubayita/.vscode-server/bin/8fa188b2b301d36553cbc9ce1b0a146ccb93351f/out/vs/workbench/api/node/extensionHostProcess.js:94:43007)
2022-11-04 16:36:12.807 [error] [ms-python.isort] provider FAILED
2022-11-04 16:36:12.807 [error] TypeError: Cannot read properties of null (reading 'map')
	at g (/home/patrick_rubayita/.vscode-server/extensions/ms-python.isort-2022.4.0/dist/extension.js:1:214870)
	at Object.asCodeAction (/home/patrick_rubayita/.vscode-server/extensions/ms-python.isort-2022.4.0/dist/extension.js:1:225810)
	at /home/patrick_rubayita/.vscode-server/extensions/ms-python.isort-2022.4.0/dist/extension.js:1:154524
	at async x.provideCodeActions (/home/patrick_rubayita/.vscode-server/bin/8fa188b2b301d36553cbc9ce1b0a146ccb93351f/out/vs/workbench/api/node/extensionHostProcess.js:94:43007)
2022-11-04 16:36:13.300 [error] [ms-python.isort] provider FAILED
2022-11-04 16:36:13.300 [error] TypeError: Cannot read properties of null (reading 'map')
	at g (/home/patrick_rubayita/.vscode-server/extensions/ms-python.isort-2022.4.0/dist/extension.js:1:214870)
	at Object.asCodeAction (/home/patrick_rubayita/.vscode-server/extensions/ms-python.isort-2022.4.0/dist/extension.js:1:225810)
	at /home/patrick_rubayita/.vscode-server/extensions/ms-python.isort-2022.4.0/dist/extension.js:1:154524
	at async x.provideCodeActions (/home/patrick_rubayita/.vscode-server/bin/8fa188b2b301d36553cbc9ce1b0a146ccb93351f/out/vs/workbench/api/node/extensionHostProcess.js:94:43007)
2022-11-04 16:36:14.492 [error] [ms-python.isort] provider FAILED
2022-11-04 16:36:14.493 [error] TypeError: Cannot read properties of null (reading 'map')
	at g (/home/patrick_rubayita/.vscode-server/extensions/ms-python.isort-2022.4.0/dist/extension.js:1:214870)
	at Object.asCodeAction (/home/patrick_rubayita/.vscode-server/extensions/ms-python.isort-2022.4.0/dist/extension.js:1:225810)
	at /home/patrick_rubayita/.vscode-server/extensions/ms-python.isort-2022.4.0/dist/extension.js:1:154524
	at async x.provideCodeActions (/home/patrick_rubayita/.vscode-server/bin/8fa188b2b301d36553cbc9ce1b0a146ccb93351f/out/vs/workbench/api/node/extensionHostProcess.js:94:43007)
2022-11-04 16:36:15.286 [error] [ms-python.isort] provider FAILED
2022-11-04 16:36:15.286 [error] TypeError: Cannot read properties of null (reading 'map')
	at g (/home/patrick_rubayita/.vscode-server/extensions/ms-python.isort-2022.4.0/dist/extension.js:1:214870)
	at Object.asCodeAction (/home/patrick_rubayita/.vscode-server/extensions/ms-python.isort-2022.4.0/dist/extension.js:1:225810)
	at /home/patrick_rubayita/.vscode-server/extensions/ms-python.isort-2022.4.0/dist/extension.js:1:154524
	at async x.provideCodeActions (/home/patrick_rubayita/.vscode-server/bin/8fa188b2b301d36553cbc9ce1b0a146ccb93351f/out/vs/workbench/api/node/extensionHostProcess.js:94:43007)
2022-11-04 16:36:15.622 [error] [ms-python.isort] provider FAILED
2022-11-04 16:36:15.622 [error] TypeError: Cannot read properties of null (reading 'map')
	at g (/home/patrick_rubayita/.vscode-server/extensions/ms-python.isort-2022.4.0/dist/extension.js:1:214870)
	at Object.asCodeAction (/home/patrick_rubayita/.vscode-server/extensions/ms-python.isort-2022.4.0/dist/extension.js:1:225810)
	at /home/patrick_rubayita/.vscode-server/extensions/ms-python.isort-2022.4.0/dist/extension.js:1:154524
	at async x.provideCodeActions (/home/patrick_rubayita/.vscode-server/bin/8fa188b2b301d36553cbc9ce1b0a146ccb93351f/out/vs/workbench/api/node/extensionHostProcess.js:94:43007)
2022-11-04 16:36:23.483 [error] [ms-python.isort] provider FAILED
2022-11-04 16:36:23.483 [error] TypeError: Cannot read properties of null (reading 'map')
	at g (/home/patrick_rubayita/.vscode-server/extensions/ms-python.isort-2022.4.0/dist/extension.js:1:214870)
	at Object.asCodeAction (/home/patrick_rubayita/.vscode-server/extensions/ms-python.isort-2022.4.0/dist/extension.js:1:225810)
	at /home/patrick_rubayita/.vscode-server/extensions/ms-python.isort-2022.4.0/dist/extension.js:1:154524
	at async x.provideCodeActions (/home/patrick_rubayita/.vscode-server/bin/8fa188b2b301d36553cbc9ce1b0a146ccb93351f/out/vs/workbench/api/node/extensionHostProcess.js:94:43007)
2022-11-04 16:36:30.120 [error] [ms-python.isort] provider FAILED
2022-11-04 16:36:30.120 [error] TypeError: Cannot read properties of null (reading 'map')
	at g (/home/patrick_rubayita/.vscode-server/extensions/ms-python.isort-2022.4.0/dist/extension.js:1:214870)
	at Object.asCodeAction (/home/patrick_rubayita/.vscode-server/extensions/ms-python.isort-2022.4.0/dist/extension.js:1:225810)
	at /home/patrick_rubayita/.vscode-server/extensions/ms-python.isort-2022.4.0/dist/extension.js:1:154524
	at async x.provideCodeActions (/home/patrick_rubayita/.vscode-server/bin/8fa188b2b301d36553cbc9ce1b0a146ccb93351f/out/vs/workbench/api/node/extensionHostProcess.js:94:43007)
2022-11-04 16:37:33.115 [error] [ms-python.isort] provider FAILED
2022-11-04 16:37:33.115 [error] TypeError: Cannot read properties of null (reading 'map')
	at g (/home/patrick_rubayita/.vscode-server/extensions/ms-python.isort-2022.4.0/dist/extension.js:1:214870)
	at Object.asCodeAction (/home/patrick_rubayita/.vscode-server/extensions/ms-python.isort-2022.4.0/dist/extension.js:1:225810)
	at /home/patrick_rubayita/.vscode-server/extensions/ms-python.isort-2022.4.0/dist/extension.js:1:154524
	at async x.provideCodeActions (/home/patrick_rubayita/.vscode-server/bin/8fa188b2b301d36553cbc9ce1b0a146ccb93351f/out/vs/workbench/api/node/extensionHostProcess.js:94:43007)
2022-11-04 16:37:33.899 [error] [ms-python.isort] provider FAILED
2022-11-04 16:37:33.899 [error] TypeError: Cannot read properties of null (reading 'map')
	at g (/home/patrick_rubayita/.vscode-server/extensions/ms-python.isort-2022.4.0/dist/extension.js:1:214870)
	at Object.asCodeAction (/home/patrick_rubayita/.vscode-server/extensions/ms-python.isort-2022.4.0/dist/extension.js:1:225810)
	at /home/patrick_rubayita/.vscode-server/extensions/ms-python.isort-2022.4.0/dist/extension.js:1:154524
	at async x.provideCodeActions (/home/patrick_rubayita/.vscode-server/bin/8fa188b2b301d36553cbc9ce1b0a146ccb93351f/out/vs/workbench/api/node/extensionHostProcess.js:94:43007)
2022-11-04 16:37:35.287 [error] [ms-python.isort] provider FAILED
2022-11-04 16:37:35.287 [error] TypeError: Cannot read properties of null (reading 'map')
	at g (/home/patrick_rubayita/.vscode-server/extensions/ms-python.isort-2022.4.0/dist/extension.js:1:214870)
	at Object.asCodeAction (/home/patrick_rubayita/.vscode-server/extensions/ms-python.isort-2022.4.0/dist/extension.js:1:225810)
	at /home/patrick_rubayita/.vscode-server/extensions/ms-python.isort-2022.4.0/dist/extension.js:1:154524
	at async x.provideCodeActions (/home/patrick_rubayita/.vscode-server/bin/8fa188b2b301d36553cbc9ce1b0a146ccb93351f/out/vs/workbench/api/node/extensionHostProcess.js:94:43007)
2022-11-04 16:37:36.149 [error] [ms-python.isort] provider FAILED
2022-11-04 16:37:36.149 [error] TypeError: Cannot read properties of null (reading 'map')
	at g (/home/patrick_rubayita/.vscode-server/extensions/ms-python.isort-2022.4.0/dist/extension.js:1:214870)
	at Object.asCodeAction (/home/patrick_rubayita/.vscode-server/extensions/ms-python.isort-2022.4.0/dist/extension.js:1:225810)
	at /home/patrick_rubayita/.vscode-server/extensions/ms-python.isort-2022.4.0/dist/extension.js:1:154524
	at async x.provideCodeActions (/home/patrick_rubayita/.vscode-server/bin/8fa188b2b301d36553cbc9ce1b0a146ccb93351f/out/vs/workbench/api/node/extensionHostProcess.js:94:43007)
2022-11-04 16:37:37.239 [error] [ms-python.isort] provider FAILED
2022-11-04 16:37:37.239 [error] TypeError: Cannot read properties of null (reading 'map')
	at g (/home/patrick_rubayita/.vscode-server/extensions/ms-python.isort-2022.4.0/dist/extension.js:1:214870)
	at Object.asCodeAction (/home/patrick_rubayita/.vscode-server/extensions/ms-python.isort-2022.4.0/dist/extension.js:1:225810)
	at /home/patrick_rubayita/.vscode-server/extensions/ms-python.isort-2022.4.0/dist/extension.js:1:154524
	at async x.provideCodeActions (/home/patrick_rubayita/.vscode-server/bin/8fa188b2b301d36553cbc9ce1b0a146ccb93351f/out/vs/workbench/api/node/extensionHostProcess.js:94:43007)
2022-11-04 16:37:37.968 [error] [ms-python.isort] provider FAILED
2022-11-04 16:37:37.968 [error] TypeError: Cannot read properties of null (reading 'map')
	at g (/home/patrick_rubayita/.vscode-server/extensions/ms-python.isort-2022.4.0/dist/extension.js:1:214870)
	at Object.asCodeAction (/home/patrick_rubayita/.vscode-server/extensions/ms-python.isort-2022.4.0/dist/extension.js:1:225810)
	at /home/patrick_rubayita/.vscode-server/extensions/ms-python.isort-2022.4.0/dist/extension.js:1:154524
	at async x.provideCodeActions (/home/patrick_rubayita/.vscode-server/bin/8fa188b2b301d36553cbc9ce1b0a146ccb93351f/out/vs/workbench/api/node/extensionHostProcess.js:94:43007)
2022-11-04 16:37:38.456 [error] [ms-python.isort] provider FAILED
2022-11-04 16:37:38.457 [error] TypeError: Cannot read properties of null (reading 'map')
	at g (/home/patrick_rubayita/.vscode-server/extensions/ms-python.isort-2022.4.0/dist/extension.js:1:214870)
	at Object.asCodeAction (/home/patrick_rubayita/.vscode-server/extensions/ms-python.isort-2022.4.0/dist/extension.js:1:225810)
	at /home/patrick_rubayita/.vscode-server/extensions/ms-python.isort-2022.4.0/dist/extension.js:1:154524
	at async x.provideCodeActions (/home/patrick_rubayita/.vscode-server/bin/8fa188b2b301d36553cbc9ce1b0a146ccb93351f/out/vs/workbench/api/node/extensionHostProcess.js:94:43007)
2022-11-04 16:37:42.350 [error] [ms-python.isort] provider FAILED
2022-11-04 16:37:42.350 [error] TypeError: Cannot read properties of null (reading 'map')
	at g (/home/patrick_rubayita/.vscode-server/extensions/ms-python.isort-2022.4.0/dist/extension.js:1:214870)
	at Object.asCodeAction (/home/patrick_rubayita/.vscode-server/extensions/ms-python.isort-2022.4.0/dist/extension.js:1:225810)
	at /home/patrick_rubayita/.vscode-server/extensions/ms-python.isort-2022.4.0/dist/extension.js:1:154524
	at async x.provideCodeActions (/home/patrick_rubayita/.vscode-server/bin/8fa188b2b301d36553cbc9ce1b0a146ccb93351f/out/vs/workbench/api/node/extensionHostProcess.js:94:43007)
2022-11-04 16:37:51.618 [error] [ms-python.isort] provider FAILED
2022-11-04 16:37:51.618 [error] TypeError: Cannot read properties of null (reading 'map')
	at g (/home/patrick_rubayita/.vscode-server/extensions/ms-python.isort-2022.4.0/dist/extension.js:1:214870)
	at Object.asCodeAction (/home/patrick_rubayita/.vscode-server/extensions/ms-python.isort-2022.4.0/dist/extension.js:1:225810)
	at /home/patrick_rubayita/.vscode-server/extensions/ms-python.isort-2022.4.0/dist/extension.js:1:154524
	at async x.provideCodeActions (/home/patrick_rubayita/.vscode-server/bin/8fa188b2b301d36553cbc9ce1b0a146ccb93351f/out/vs/workbench/api/node/extensionHostProcess.js:94:43007)
2022-11-04 16:37:51.619 [error] [ms-python.isort] provider FAILED
2022-11-04 16:37:51.619 [error] TypeError: Cannot read properties of null (reading 'map')
	at g (/home/patrick_rubayita/.vscode-server/extensions/ms-python.isort-2022.4.0/dist/extension.js:1:214870)
	at Object.asCodeAction (/home/patrick_rubayita/.vscode-server/extensions/ms-python.isort-2022.4.0/dist/extension.js:1:225810)
	at /home/patrick_rubayita/.vscode-server/extensions/ms-python.isort-2022.4.0/dist/extension.js:1:154524
	at async x.provideCodeActions (/home/patrick_rubayita/.vscode-server/bin/8fa188b2b301d36553cbc9ce1b0a146ccb93351f/out/vs/workbench/api/node/extensionHostProcess.js:94:43007)
2022-11-04 16:38:32.812 [error] [ms-python.isort] provider FAILED
2022-11-04 16:38:32.812 [error] TypeError: Cannot read properties of null (reading 'map')
	at g (/home/patrick_rubayita/.vscode-server/extensions/ms-python.isort-2022.4.0/dist/extension.js:1:214870)
	at Object.asCodeAction (/home/patrick_rubayita/.vscode-server/extensions/ms-python.isort-2022.4.0/dist/extension.js:1:225810)
	at /home/patrick_rubayita/.vscode-server/extensions/ms-python.isort-2022.4.0/dist/extension.js:1:154524
	at async x.provideCodeActions (/home/patrick_rubayita/.vscode-server/bin/8fa188b2b301d36553cbc9ce1b0a146ccb93351f/out/vs/workbench/api/node/extensionHostProcess.js:94:43007)
2022-11-04 16:38:33.079 [error] [ms-python.isort] provider FAILED
2022-11-04 16:38:33.079 [error] TypeError: Cannot read properties of null (reading 'map')
	at g (/home/patrick_rubayita/.vscode-server/extensions/ms-python.isort-2022.4.0/dist/extension.js:1:214870)
	at Object.asCodeAction (/home/patrick_rubayita/.vscode-server/extensions/ms-python.isort-2022.4.0/dist/extension.js:1:225810)
	at /home/patrick_rubayita/.vscode-server/extensions/ms-python.isort-2022.4.0/dist/extension.js:1:154524
	at async x.provideCodeActions (/home/patrick_rubayita/.vscode-server/bin/8fa188b2b301d36553cbc9ce1b0a146ccb93351f/out/vs/workbench/api/node/extensionHostProcess.js:94:43007)
2022-11-04 16:38:39.941 [error] [ms-python.isort] provider FAILED
2022-11-04 16:38:39.941 [error] TypeError: Cannot read properties of null (reading 'map')
	at g (/home/patrick_rubayita/.vscode-server/extensions/ms-python.isort-2022.4.0/dist/extension.js:1:214870)
	at Object.asCodeAction (/home/patrick_rubayita/.vscode-server/extensions/ms-python.isort-2022.4.0/dist/extension.js:1:225810)
	at /home/patrick_rubayita/.vscode-server/extensions/ms-python.isort-2022.4.0/dist/extension.js:1:154524
	at async x.provideCodeActions (/home/patrick_rubayita/.vscode-server/bin/8fa188b2b301d36553cbc9ce1b0a146ccb93351f/out/vs/workbench/api/node/extensionHostProcess.js:94:43007)
2022-11-04 16:38:55.526 [error] [ms-python.isort] provider FAILED
2022-11-04 16:38:55.526 [error] TypeError: Cannot read properties of null (reading 'map')
	at g (/home/patrick_rubayita/.vscode-server/extensions/ms-python.isort-2022.4.0/dist/extension.js:1:214870)
	at Object.asCodeAction (/home/patrick_rubayita/.vscode-server/extensions/ms-python.isort-2022.4.0/dist/extension.js:1:225810)
	at /home/patrick_rubayita/.vscode-server/extensions/ms-python.isort-2022.4.0/dist/extension.js:1:154524
	at async x.provideCodeActions (/home/patrick_rubayita/.vscode-server/bin/8fa188b2b301d36553cbc9ce1b0a146ccb93351f/out/vs/workbench/api/node/extensionHostProcess.js:94:43007)
2022-11-04 16:38:55.779 [error] [ms-python.isort] provider FAILED
2022-11-04 16:38:55.779 [error] TypeError: Cannot read properties of null (reading 'map')
	at g (/home/patrick_rubayita/.vscode-server/extensions/ms-python.isort-2022.4.0/dist/extension.js:1:214870)
	at Object.asCodeAction (/home/patrick_rubayita/.vscode-server/extensions/ms-python.isort-2022.4.0/dist/extension.js:1:225810)
	at /home/patrick_rubayita/.vscode-server/extensions/ms-python.isort-2022.4.0/dist/extension.js:1:154524
	at async x.provideCodeActions (/home/patrick_rubayita/.vscode-server/bin/8fa188b2b301d36553cbc9ce1b0a146ccb93351f/out/vs/workbench/api/node/extensionHostProcess.js:94:43007)
2022-11-04 16:40:45.036 [error] [ms-python.isort] provider FAILED
2022-11-04 16:40:45.036 [error] TypeError: Cannot read properties of null (reading 'map')
	at g (/home/patrick_rubayita/.vscode-server/extensions/ms-python.isort-2022.4.0/dist/extension.js:1:214870)
	at Object.asCodeAction (/home/patrick_rubayita/.vscode-server/extensions/ms-python.isort-2022.4.0/dist/extension.js:1:225810)
	at /home/patrick_rubayita/.vscode-server/extensions/ms-python.isort-2022.4.0/dist/extension.js:1:154524
	at async x.provideCodeActions (/home/patrick_rubayita/.vscode-server/bin/8fa188b2b301d36553cbc9ce1b0a146ccb93351f/out/vs/workbench/api/node/extensionHostProcess.js:94:43007)
2022-11-04 16:45:03.538 [info] Extension host terminating: parent process 114975 does not exist anymore: kill ESRCH (code: ESRCH) (errno: -3)
2022-11-04 16:45:03.541 [info] Lock '/home/patrick_rubayita/.vscode-server/data/User/workspaceStorage/436363c3b68b43d7cbee73aa1c365e8f/vscode.lock': Marking the lockfile as scheduled to be released in 6000 ms.
2022-11-04 16:45:03.621 [info] Extension host with pid 179409 exiting with code 0
