2022-11-03 18:47:40.067 [info] Extension host with pid 617561 started
2022-11-03 18:47:40.075 [info] Lock '/home/patrick_rubayita/.vscode-server/data/User/workspaceStorage/436363c3b68b43d7cbee73aa1c365e8f/vscode.lock': Lock acquired.
2022-11-03 18:47:54.659 [info] ExtensionService#_doActivateExtension vscode.git-base, startup: true, activationEvent: '*', root cause: vscode.git
2022-11-03 18:47:55.996 [info] ExtensionService#_doActivateExtension vscode.git, startup: true, activationEvent: '*'
2022-11-03 18:47:55.996 [info] ExtensionService#_doActivateExtension vscode.github, startup: true, activationEvent: '*'
2022-11-03 18:47:56.460 [info] ExtensionService#_doActivateExtension vscode.debug-auto-launch, startup: false, activationEvent: 'onStartupFinished'
2022-11-03 18:47:56.460 [info] ExtensionService#_doActivateExtension vscode.emmet, startup: false, activationEvent: 'onStartupFinished'
2022-11-03 18:47:56.460 [info] ExtensionService#_doActivateExtension vscode.merge-conflict, startup: false, activationEvent: 'onStartupFinished'
2022-11-03 18:47:56.461 [info] Eager extensions activated
2022-11-03 18:48:14.583 [info] ExtensionService#_doActivateExtension vscode.ipynb, startup: false, activationEvent: 'onNotebook:jupyter-notebook}'
2022-11-03 18:49:07.622 [info] ExtensionService#_doActivateExtension ms-toolsai.vscode-jupyter-slideshow, startup: false, activationEvent: 'onNotebook:jupyter-notebook'
2022-11-03 18:49:07.622 [info] ExtensionService#_doActivateExtension ms-toolsai.vscode-jupyter-cell-tags, startup: false, activationEvent: 'onNotebook:jupyter-notebook'
2022-11-03 18:49:07.623 [info] ExtensionService#_doActivateExtension ms-toolsai.jupyter-renderers, startup: false, activationEvent: 'onNotebook:*'
2022-11-03 18:49:07.623 [info] ExtensionService#_doActivateExtension ms-toolsai.jupyter, startup: false, activationEvent: 'onLanguage:python'
2022-11-03 18:49:07.623 [info] ExtensionService#_doActivateExtension ms-python.python, startup: false, activationEvent: 'onLanguage:python'
2022-11-03 18:49:09.444 [info] ExtensionService#_doActivateExtension ms-python.isort, startup: false, activationEvent: 'onLanguage:python'
2022-11-03 18:49:09.445 [info] ExtensionService#_doActivateExtension ms-python.vscode-pylance, startup: false, activationEvent: 'onLanguage:python'
2022-11-03 18:49:11.175 [error] [ms-python.isort] provider FAILED
2022-11-03 18:49:11.176 [error] TypeError: Cannot read properties of null (reading 'map')
	at g (/home/patrick_rubayita/.vscode-server/extensions/ms-python.isort-2022.4.0/dist/extension.js:1:214870)
	at Object.asCodeAction (/home/patrick_rubayita/.vscode-server/extensions/ms-python.isort-2022.4.0/dist/extension.js:1:225810)
	at /home/patrick_rubayita/.vscode-server/extensions/ms-python.isort-2022.4.0/dist/extension.js:1:154524
	at async x.provideCodeActions (/home/patrick_rubayita/.vscode-server/bin/8fa188b2b301d36553cbc9ce1b0a146ccb93351f/out/vs/workbench/api/node/extensionHostProcess.js:94:43007)
2022-11-03 18:49:11.176 [error] [ms-python.isort] provider FAILED
2022-11-03 18:49:11.177 [error] TypeError: Cannot read properties of null (reading 'map')
	at g (/home/patrick_rubayita/.vscode-server/extensions/ms-python.isort-2022.4.0/dist/extension.js:1:214870)
	at Object.asCodeAction (/home/patrick_rubayita/.vscode-server/extensions/ms-python.isort-2022.4.0/dist/extension.js:1:225810)
	at /home/patrick_rubayita/.vscode-server/extensions/ms-python.isort-2022.4.0/dist/extension.js:1:154524
	at async x.provideCodeActions (/home/patrick_rubayita/.vscode-server/bin/8fa188b2b301d36553cbc9ce1b0a146ccb93351f/out/vs/workbench/api/node/extensionHostProcess.js:94:43007)
2022-11-03 18:49:11.177 [error] [ms-python.isort] provider FAILED
2022-11-03 18:49:11.177 [error] TypeError: Cannot read properties of null (reading 'map')
	at g (/home/patrick_rubayita/.vscode-server/extensions/ms-python.isort-2022.4.0/dist/extension.js:1:214870)
	at Object.asCodeAction (/home/patrick_rubayita/.vscode-server/extensions/ms-python.isort-2022.4.0/dist/extension.js:1:225810)
	at /home/patrick_rubayita/.vscode-server/extensions/ms-python.isort-2022.4.0/dist/extension.js:1:154524
	at async x.provideCodeActions (/home/patrick_rubayita/.vscode-server/bin/8fa188b2b301d36553cbc9ce1b0a146ccb93351f/out/vs/workbench/api/node/extensionHostProcess.js:94:43007)
2022-11-03 18:49:12.008 [error] [ms-python.isort] provider FAILED
2022-11-03 18:49:12.008 [error] TypeError: Cannot read properties of null (reading 'map')
	at g (/home/patrick_rubayita/.vscode-server/extensions/ms-python.isort-2022.4.0/dist/extension.js:1:214870)
	at Object.asCodeAction (/home/patrick_rubayita/.vscode-server/extensions/ms-python.isort-2022.4.0/dist/extension.js:1:225810)
	at /home/patrick_rubayita/.vscode-server/extensions/ms-python.isort-2022.4.0/dist/extension.js:1:154524
	at async x.provideCodeActions (/home/patrick_rubayita/.vscode-server/bin/8fa188b2b301d36553cbc9ce1b0a146ccb93351f/out/vs/workbench/api/node/extensionHostProcess.js:94:43007)
2022-11-03 18:49:14.983 [error] [ms-python.isort] provider FAILED
2022-11-03 18:49:14.983 [error] TypeError: Cannot read properties of null (reading 'map')
	at g (/home/patrick_rubayita/.vscode-server/extensions/ms-python.isort-2022.4.0/dist/extension.js:1:214870)
	at Object.asCodeAction (/home/patrick_rubayita/.vscode-server/extensions/ms-python.isort-2022.4.0/dist/extension.js:1:225810)
	at /home/patrick_rubayita/.vscode-server/extensions/ms-python.isort-2022.4.0/dist/extension.js:1:154524
	at async x.provideCodeActions (/home/patrick_rubayita/.vscode-server/bin/8fa188b2b301d36553cbc9ce1b0a146ccb93351f/out/vs/workbench/api/node/extensionHostProcess.js:94:43007)
2022-11-03 18:50:14.457 [error] [ms-python.isort] provider FAILED
2022-11-03 18:50:14.457 [error] TypeError: Cannot read properties of null (reading 'map')
	at g (/home/patrick_rubayita/.vscode-server/extensions/ms-python.isort-2022.4.0/dist/extension.js:1:214870)
	at Object.asCodeAction (/home/patrick_rubayita/.vscode-server/extensions/ms-python.isort-2022.4.0/dist/extension.js:1:225810)
	at /home/patrick_rubayita/.vscode-server/extensions/ms-python.isort-2022.4.0/dist/extension.js:1:154524
	at async x.provideCodeActions (/home/patrick_rubayita/.vscode-server/bin/8fa188b2b301d36553cbc9ce1b0a146ccb93351f/out/vs/workbench/api/node/extensionHostProcess.js:94:43007)
2022-11-03 18:50:14.460 [error] [ms-python.isort] provider FAILED
2022-11-03 18:50:14.460 [error] TypeError: Cannot read properties of null (reading 'map')
	at g (/home/patrick_rubayita/.vscode-server/extensions/ms-python.isort-2022.4.0/dist/extension.js:1:214870)
	at Object.asCodeAction (/home/patrick_rubayita/.vscode-server/extensions/ms-python.isort-2022.4.0/dist/extension.js:1:225810)
	at /home/patrick_rubayita/.vscode-server/extensions/ms-python.isort-2022.4.0/dist/extension.js:1:154524
	at async x.provideCodeActions (/home/patrick_rubayita/.vscode-server/bin/8fa188b2b301d36553cbc9ce1b0a146ccb93351f/out/vs/workbench/api/node/extensionHostProcess.js:94:43007)
2022-11-03 18:50:14.461 [error] [ms-python.isort] provider FAILED
2022-11-03 18:50:14.461 [error] TypeError: Cannot read properties of null (reading 'map')
	at g (/home/patrick_rubayita/.vscode-server/extensions/ms-python.isort-2022.4.0/dist/extension.js:1:214870)
	at Object.asCodeAction (/home/patrick_rubayita/.vscode-server/extensions/ms-python.isort-2022.4.0/dist/extension.js:1:225810)
	at /home/patrick_rubayita/.vscode-server/extensions/ms-python.isort-2022.4.0/dist/extension.js:1:154524
	at async x.provideCodeActions (/home/patrick_rubayita/.vscode-server/bin/8fa188b2b301d36553cbc9ce1b0a146ccb93351f/out/vs/workbench/api/node/extensionHostProcess.js:94:43007)
2022-11-03 18:50:14.461 [error] [ms-python.isort] provider FAILED
2022-11-03 18:50:14.461 [error] TypeError: Cannot read properties of null (reading 'map')
	at g (/home/patrick_rubayita/.vscode-server/extensions/ms-python.isort-2022.4.0/dist/extension.js:1:214870)
	at Object.asCodeAction (/home/patrick_rubayita/.vscode-server/extensions/ms-python.isort-2022.4.0/dist/extension.js:1:225810)
	at /home/patrick_rubayita/.vscode-server/extensions/ms-python.isort-2022.4.0/dist/extension.js:1:154524
	at async x.provideCodeActions (/home/patrick_rubayita/.vscode-server/bin/8fa188b2b301d36553cbc9ce1b0a146ccb93351f/out/vs/workbench/api/node/extensionHostProcess.js:94:43007)
2022-11-03 18:50:14.463 [error] [ms-python.isort] provider FAILED
2022-11-03 18:50:14.463 [error] TypeError: Cannot read properties of null (reading 'map')
	at g (/home/patrick_rubayita/.vscode-server/extensions/ms-python.isort-2022.4.0/dist/extension.js:1:214870)
	at Object.asCodeAction (/home/patrick_rubayita/.vscode-server/extensions/ms-python.isort-2022.4.0/dist/extension.js:1:225810)
	at /home/patrick_rubayita/.vscode-server/extensions/ms-python.isort-2022.4.0/dist/extension.js:1:154524
	at async x.provideCodeActions (/home/patrick_rubayita/.vscode-server/bin/8fa188b2b301d36553cbc9ce1b0a146ccb93351f/out/vs/workbench/api/node/extensionHostProcess.js:94:43007)
2022-11-03 18:51:12.009 [error] [ms-python.isort] provider FAILED
2022-11-03 18:51:12.010 [error] TypeError: Cannot read properties of null (reading 'map')
	at g (/home/patrick_rubayita/.vscode-server/extensions/ms-python.isort-2022.4.0/dist/extension.js:1:214870)
	at Object.asCodeAction (/home/patrick_rubayita/.vscode-server/extensions/ms-python.isort-2022.4.0/dist/extension.js:1:225810)
	at /home/patrick_rubayita/.vscode-server/extensions/ms-python.isort-2022.4.0/dist/extension.js:1:154524
	at async x.provideCodeActions (/home/patrick_rubayita/.vscode-server/bin/8fa188b2b301d36553cbc9ce1b0a146ccb93351f/out/vs/workbench/api/node/extensionHostProcess.js:94:43007)
2022-11-03 18:51:12.010 [error] [ms-python.isort] provider FAILED
2022-11-03 18:51:12.010 [error] TypeError: Cannot read properties of null (reading 'map')
	at g (/home/patrick_rubayita/.vscode-server/extensions/ms-python.isort-2022.4.0/dist/extension.js:1:214870)
	at Object.asCodeAction (/home/patrick_rubayita/.vscode-server/extensions/ms-python.isort-2022.4.0/dist/extension.js:1:225810)
	at /home/patrick_rubayita/.vscode-server/extensions/ms-python.isort-2022.4.0/dist/extension.js:1:154524
	at async x.provideCodeActions (/home/patrick_rubayita/.vscode-server/bin/8fa188b2b301d36553cbc9ce1b0a146ccb93351f/out/vs/workbench/api/node/extensionHostProcess.js:94:43007)
2022-11-03 18:51:12.248 [error] [ms-python.isort] provider FAILED
2022-11-03 18:51:12.248 [error] TypeError: Cannot read properties of null (reading 'map')
	at g (/home/patrick_rubayita/.vscode-server/extensions/ms-python.isort-2022.4.0/dist/extension.js:1:214870)
	at Object.asCodeAction (/home/patrick_rubayita/.vscode-server/extensions/ms-python.isort-2022.4.0/dist/extension.js:1:225810)
	at /home/patrick_rubayita/.vscode-server/extensions/ms-python.isort-2022.4.0/dist/extension.js:1:154524
	at async x.provideCodeActions (/home/patrick_rubayita/.vscode-server/bin/8fa188b2b301d36553cbc9ce1b0a146ccb93351f/out/vs/workbench/api/node/extensionHostProcess.js:94:43007)
2022-11-03 18:57:24.537 [info] Extension host terminating: renderer disconnected for too long (2)
2022-11-03 18:57:24.538 [info] Lock '/home/patrick_rubayita/.vscode-server/data/User/workspaceStorage/436363c3b68b43d7cbee73aa1c365e8f/vscode.lock': Marking the lockfile as scheduled to be released in 6000 ms.
2022-11-03 18:57:24.562 [error] Error: The kernel died. Error: /bin/python3: No module named ipykernel_launcher... View Jupyter [log](command:jupyter.viewOutput) for further details.
	at ChildProcess.<anonymous> (/home/patrick_rubayita/.vscode-server/extensions/ms-toolsai.jupyter-2022.9.1202862440/out/extension.node.js:2:2194951)
	at ChildProcess.emit (node:events:538:35)
	at Process.ChildProcess._handle.onexit (node:internal/child_process:291:12)
2022-11-03 18:57:24.576 [info] Extension host with pid 617561 exiting with code 0
