Visual Studio Code (1.73.0, ssh-remote, desktop)
Jupyter Extension Version: 2022.9.1202862440.
Python Extension Version: 2022.18.1.
Workspace folder /home/patrick_rubayita
info 17:02:24.024: ZMQ install verified.
User belongs to experiment group 'jupyterTestcf'
User belongs to experiment group 'jupyterEnhancedDataViewer'
info 17:02:24.358: LSP Notebooks experiment is disabled -- not in treatment group
info 17:02:25.431: Preferred Remote kernel for /home/patrick_rubayita/creative-optimisation-cv/notebooks/DataExtractor.ipynb is undefined
info 17:02:26.261: Preferred Remote kernel for /home/patrick_rubayita/creative-optimisation-cv/notebooks/DataExtractor.ipynb is undefined
info 17:02:26.261: Find preferred kernel for /home/patrick_rubayita/creative-optimisation-cv/notebooks/DataExtractor.ipynb with metadata {"kernelspec":{"display_name":"Python 3.8.10 64-bit","language":"python","name":"python3"},"language_info":{"codemirror_mode":{"name":"ipython","version":3},"file_extension":".py","mimetype":"text/x-python","name":"python","nbconvert_exporter":"python","pygments_lexer":"ipython3","version":"3.8.10"},"orig_nbformat":4,"vscode":{"interpreter":{"hash":"916dbcbb3f70747c44a77c7bcd40155683ae19c65e1c03b4aa3499c5328201f1"}}} & preferred interpreter /bin/python3
info 17:02:26.277: Preferred Remote kernel for /home/patrick_rubayita/creative-optimisation-cv/notebooks/DataExtractor.ipynb is undefined
info 17:02:26.277: Preferred kernel .jvsc74a57bd0916dbcbb3f70747c44a77c7bcd40155683ae19c65e1c03b4aa3499c5328201f1./bin/python3./bin/python3.-m#ipykernel_launcher is exact match or top match for non python kernels, (false, [object Object], true, false)
info 17:02:26.278: PreferredConnection: .jvsc74a57bd0916dbcbb3f70747c44a77c7bcd40155683ae19c65e1c03b4aa3499c5328201f1./bin/python3./bin/python3.-m#ipykernel_launcher found for NotebookDocument: /home/patrick_rubayita/creative-optimisation-cv/notebooks/DataExtractor.ipynb
info 17:02:26.674: Registering dummy command feature
info 17:02:28.059: Got empty env vars with python /bin/python3 in 1800ms
info 17:02:28.059: Got env vars ourselves faster /bin/python3 with env var count 52 in 1801ms
info 17:02:28.072: Process Execution: > /bin/python3 -m pip list
> /bin/python3 -m pip list
info 17:03:01.512: Starting Jupyter Session startUsingPythonInterpreter, .jvsc74a57bd0916dbcbb3f70747c44a77c7bcd40155683ae19c65e1c03b4aa3499c5328201f1./bin/python3./bin/python3.-m#ipykernel_launcher (Python Path: , EnvType: Global, EnvName: '', Version: 3.8.10) for '/home/patrick_rubayita/creative-optimisation-cv/notebooks/DataExtractor.ipynb' (disableUI=true)
info 17:03:01.513: Computing working directory for resource '/home/patrick_rubayita/creative-optimisation-cv/notebooks/DataExtractor.ipynb'
info 17:03:01.516: Got env vars ourselves faster /bin/python3 with env var count 52 in 2ms
info 17:03:01.521: Process Execution: > /bin/python3 -c "import ipykernel; print(ipykernel.__version__); print("5dc3a68c-e34e-4080-9c3e-2a532b2ccb4d"); print(ipykernel.__file__)"
> /bin/python3 -c "import ipykernel; print(ipykernel.__version__); print("5dc3a68c-e34e-4080-9c3e-2a532b2ccb4d"); print(ipykernel.__file__)"
info 17:03:01.531: Got env vars ourselves faster /bin/python3 with env var count 52 in 1ms
info 17:03:01.531: Got env vars ourselves faster /bin/python3 with env var count 52 in 1ms
info 17:03:01.537: Process Execution: > /bin/python3 -m ipykernel_launcher --ip=127.0.0.1 --stdin=9018 --control=9016 --hb=9015 --Session.signature_scheme="hmac-sha256" --Session.key=b"2dea9fdc-afb5-42a7-90fc-dd902e9deea7" --shell=9017 --transport="tcp" --iopub=9019 --f=/home/patrick_rubayita/.local/share/jupyter/runtime/kernel-v2-211571Olfx2WJYWiLv.json
> /bin/python3 -m ipykernel_launcher --ip=127.0.0.1 --stdin=9018 --control=9016 --hb=9015 --Session.signature_scheme="hmac-sha256" --Session.key=b"2dea9fdc-afb5-42a7-90fc-dd902e9deea7" --shell=9017 --transport="tcp" --iopub=9019 --f=/home/patrick_rubayita/.local/share/jupyter/runtime/kernel-v2-211571Olfx2WJYWiLv.json
info 17:03:01.537: Process Execution: cwd: ~/creative-optimisation-cv/notebooks
cwd: ~/creative-optimisation-cv/notebooks
info 17:03:01.720: ipykernel version & path 6.17.0, ~/.local/lib/python3.8/site-packages/ipykernel/__init__.py for /bin/python3
info 17:03:02.249: Kernel Output: To connect another client to this kernel, use: --existing kernel-v2-211571Olfx2WJYWiLv.json

info 17:03:02.374: Started Kernel Python 3.8.10 64-bit (pid: 211951)
info 17:03:02.379: UpdateWorkingDirectoryAndPath in Kernel
info 17:03:02.484: Got env vars ourselves faster /bin/python3 with env var count 52 in 0ms
info 17:03:02.489: Process Execution: > /bin/python3 ~/.vscode-server/extensions/ms-toolsai.jupyter-2022.9.1202862440/pythonFiles/printJupyterDataDir.py
> /bin/python3 ~/.vscode-server/extensions/ms-toolsai.jupyter-2022.9.1202862440/pythonFiles/printJupyterDataDir.py
info 17:03:16.326: Got empty env vars with python /bin/python3 in 14812ms
info 17:03:16.326: Got empty env vars with python /bin/python3 in 14796ms
info 17:03:16.327: Got empty env vars with python /bin/python3 in 14797ms
info 17:03:16.327: Got empty env vars with python /bin/python3 in 13843ms
info 17:09:02.203: Cancel all remaining cells true || Error || undefined
info 17:09:57.524: Shutting down notebooks for f4a4ac44-e7dc-4e26-9a9a-e8d2df68ce35
info 17:09:57.524: Disposing HostJupyterExecution c3e05385-cf82-4094-80c5-e45331cf915d
info 17:09:57.524: Disposing super HostJupyterExecution c3e05385-cf82-4094-80c5-e45331cf915d
info 17:09:57.524: Dispose Kernel '/home/patrick_rubayita/creative-optimisation-cv/notebooks/DataExtractor.ipynb' associated with '/home/patrick_rubayita/creative-optimisation-cv/notebooks/DataExtractor.ipynb'
info 17:09:57.526: Dispose Kernel process 211951.
info 17:09:57.536: Disposing HostJupyterExecution c3e05385-cf82-4094-80c5-e45331cf915d
info 17:09:57.536: Finished disposing HostJupyterExecution  c3e05385-cf82-4094-80c5-e45331cf915d
info 17:09:57.542: Cleaning up server cache c3e05385-cf82-4094-80c5-e45331cf915d
info 17:09:57.545: Finished disposing HostJupyterExecution  c3e05385-cf82-4094-80c5-e45331cf915d
